controller/dercontroller.cpp:34:5: warning: field 'conf' will be initialized after field 'number_sensors' [-Wreorder-ctor]
controller/multilayerffnn.h:54:16: warning: 'init' overrides a member function but is not marked 'override' [-Winconsistent-missing-override]
controller/multilayerffnn.h:58:32: warning: 'process' overrides a member function but is not marked 'override' [-Winconsistent-missing-override]
controller/multilayerffnn.h:62:32: warning: 'learn' overrides a member function but is not marked 'override' [-Winconsistent-missing-override]
controller/multilayerffnn.h:74:32: warning: 'response' overrides a member function but is not marked 'override' [-Winconsistent-missing-override]
controller/multilayerffnn.h:83:32: warning: 'inversion' overrides a member function but is not marked 'override' [-Winconsistent-missing-override]
controller/multilayerffnn.h:87:24: warning: 'getInputDim' overrides a member function but is not marked 'override' [-Winconsistent-missing-override]
controller/multilayerffnn.h:91:24: warning: 'getOutputDim' overrides a member function but is not marked 'override' [-Winconsistent-missing-override]
controller/multilayerffnn.h:147:8: warning: 'store' overrides a member function but is not marked 'override' [-Winconsistent-missing-override]
controller/multilayerffnn.h:149:8: warning: 'restore' overrides a member function but is not marked 'override' [-Winconsistent-missing-override]
controller/multilayerffnn.h:156:25: warning: 'getInternalParamNames' overrides a member function but is not marked 'override' [-Winconsistent-missing-override]
controller/multilayerffnn.h:157:25: warning: 'getInternalParams' overrides a member function but is not marked 'override' [-Winconsistent-missing-override]
controller/multilayerffnn.h:158:22: warning: 'getStructuralLayers' overrides a member function but is not marked 'override' [-Winconsistent-missing-override]
controller/multilayerffnn.h:159:27: warning: 'getStructuralConnections' overrides a member function but is not marked 'override' [-Winconsistent-missing-override]
controller/derinf.h:64:16: warning: 'step' overrides a member function but is not marked 'override' [-Winconsistent-missing-override]
controller/derinf.h:67:16: warning: 'stepNoLearning' overrides a member function but is not marked 'override' [-Winconsistent-missing-override]
controller/derinf.h:72:16: warning: 'store' overrides a member function but is not marked 'override' [-Winconsistent-missing-override]
controller/derinf.h:74:16: warning: 'restore' overrides a member function but is not marked 'override' [-Winconsistent-missing-override]
controller/derinf.h:77:25: warning: 'getInternalParamNames' overrides a member function but is not marked 'override' [-Winconsistent-missing-override]
controller/derinf.h:78:25: warning: 'getInternalParams' overrides a member function but is not marked 'override' [-Winconsistent-missing-override]
controller/derinf.h:79:22: warning: 'getStructuralLayers' overrides a member function but is not marked 'override' [-Winconsistent-missing-override]
controller/derinf.h:80:27: warning: 'getStructuralConnections' overrides a member function but is not marked 'override' [-Winconsistent-missing-override]
controller/derinf.cpp:31:5: warning: initializer order does not match the declaration order [-Wreorder-ctor]
controller/multilayerffnn.h:54:16: warning: 'init' overrides a member function but is not marked 'override' [-Winconsistent-missing-override]
controller/multilayerffnn.h:58:32: warning: 'process' overrides a member function but is not marked 'override' [-Winconsistent-missing-override]
controller/multilayerffnn.h:62:32: warning: 'learn' overrides a member function but is not marked 'override' [-Winconsistent-missing-override]
controller/multilayerffnn.h:74:32: warning: 'response' overrides a member function but is not marked 'override' [-Winconsistent-missing-override]
controller/multilayerffnn.h:83:32: warning: 'inversion' overrides a member function but is not marked 'override' [-Winconsistent-missing-override]
controller/multilayerffnn.h:87:24: warning: 'getInputDim' overrides a member function but is not marked 'override' [-Winconsistent-missing-override]
controller/multilayerffnn.h:91:24: warning: 'getOutputDim' overrides a member function but is not marked 'override' [-Winconsistent-missing-override]
controller/multilayerffnn.h:147:8: warning: 'store' overrides a member function but is not marked 'override' [-Winconsistent-missing-override]
controller/multilayerffnn.h:149:8: warning: 'restore' overrides a member function but is not marked 'override' [-Winconsistent-missing-override]
controller/multilayerffnn.h:156:25: warning: 'getInternalParamNames' overrides a member function but is not marked 'override' [-Winconsistent-missing-override]
controller/multilayerffnn.h:157:25: warning: 'getInternalParams' overrides a member function but is not marked 'override' [-Winconsistent-missing-override]
controller/multilayerffnn.h:158:22: warning: 'getStructuralLayers' overrides a member function but is not marked 'override' [-Winconsistent-missing-override]
controller/multilayerffnn.h:159:27: warning: 'getStructuralConnections' overrides a member function but is not marked 'override' [-Winconsistent-missing-override]
controller/derlininvert.h:70:16: warning: 'step' overrides a member function but is not marked 'override' [-Winconsistent-missing-override]
controller/derlininvert.h:73:16: warning: 'stepNoLearning' overrides a member function but is not marked 'override' [-Winconsistent-missing-override]
controller/derlininvert.h:79:16: warning: 'store' overrides a member function but is not marked 'override' [-Winconsistent-missing-override]
controller/derlininvert.h:81:16: warning: 'restore' overrides a member function but is not marked 'override' [-Winconsistent-missing-override]
controller/derlininvert.h:84:25: warning: 'getInternalParamNames' overrides a member function but is not marked 'override' [-Winconsistent-missing-override]
controller/derlininvert.h:85:25: warning: 'getInternalParams' overrides a member function but is not marked 'override' [-Winconsistent-missing-override]
controller/derlininvert.h:86:22: warning: 'getStructuralLayers' overrides a member function but is not marked 'override' [-Winconsistent-missing-override]
controller/derlininvert.h:87:27: warning: 'getStructuralConnections' overrides a member function but is not marked 'override' [-Winconsistent-missing-override]
controller/multilayerffnn.h:54:16: warning: 'init' overrides a member function but is not marked 'override' [-Winconsistent-missing-override]
controller/multilayerffnn.h:58:32: warning: 'process' overrides a member function but is not marked 'override' [-Winconsistent-missing-override]
controller/multilayerffnn.h:62:32: warning: 'learn' overrides a member function but is not marked 'override' [-Winconsistent-missing-override]
controller/multilayerffnn.h:74:32: warning: 'response' overrides a member function but is not marked 'override' [-Winconsistent-missing-override]
controller/multilayerffnn.h:83:32: warning: 'inversion' overrides a member function but is not marked 'override' [-Winconsistent-missing-override]
controller/multilayerffnn.h:87:24: warning: 'getInputDim' overrides a member function but is not marked 'override' [-Winconsistent-missing-override]
controller/multilayerffnn.h:91:24: warning: 'getOutputDim' overrides a member function but is not marked 'override' [-Winconsistent-missing-override]
controller/multilayerffnn.h:147:8: warning: 'store' overrides a member function but is not marked 'override' [-Winconsistent-missing-override]
controller/multilayerffnn.h:149:8: warning: 'restore' overrides a member function but is not marked 'override' [-Winconsistent-missing-override]
controller/multilayerffnn.h:156:25: warning: 'getInternalParamNames' overrides a member function but is not marked 'override' [-Winconsistent-missing-override]
controller/multilayerffnn.h:157:25: warning: 'getInternalParams' overrides a member function but is not marked 'override' [-Winconsistent-missing-override]
controller/multilayerffnn.h:158:22: warning: 'getStructuralLayers' overrides a member function but is not marked 'override' [-Winconsistent-missing-override]
controller/multilayerffnn.h:159:27: warning: 'getStructuralConnections' overrides a member function but is not marked 'override' [-Winconsistent-missing-override]
controller/elman.h:75:16: warning: 'init' overrides a member function but is not marked 'override' [-Winconsistent-missing-override]
controller/elman.h:81:32: warning: 'process' overrides a member function but is not marked 'override' [-Winconsistent-missing-override]
controller/elman.h:84:32: warning: 'learn' overrides a member function but is not marked 'override' [-Winconsistent-missing-override]
controller/elman.h:112:8: warning: 'damp' overrides a member function but is not marked 'override' [-Winconsistent-missing-override]
controller/elman.h:116:8: warning: 'store' overrides a member function but is not marked 'override' [-Winconsistent-missing-override]
controller/elman.h:118:8: warning: 'restore' overrides a member function but is not marked 'override' [-Winconsistent-missing-override]
controller/elman.h:122:20: warning: 'getName' overrides a member function but is not marked 'override' [-Winconsistent-missing-override]
controller/derlinunivers.h:106:16: warning: 'step' overrides a member function but is not marked 'override' [-Winconsistent-missing-override]
controller/derlinunivers.h:109:16: warning: 'stepNoLearning' overrides a member function but is not marked 'override' [-Winconsistent-missing-override]
controller/derlinunivers.h:140:32: warning: 'getInternalParamNames' overrides a member function but is not marked 'override' [-Winconsistent-missing-override]
controller/derlinunivers.h:141:32: warning: 'getInternalParams' overrides a member function but is not marked 'override' [-Winconsistent-missing-override]
controller/derlinunivers.h:142:22: warning: 'getStructuralLayers' overrides a member function but is not marked 'override' [-Winconsistent-missing-override]
controller/derlinunivers.h:143:27: warning: 'getStructuralConnections' overrides a member function but is not marked 'override' [-Winconsistent-missing-override]
controller/derlinunivers.h:146:16: warning: 'store' overrides a member function but is not marked 'override' [-Winconsistent-missing-override]
controller/derlinunivers.h:147:16: warning: 'restore' overrides a member function but is not marked 'override' [-Winconsistent-missing-override]
controller/multilayerffnn.h:54:16: warning: 'init' overrides a member function but is not marked 'override' [-Winconsistent-missing-override]
controller/multilayerffnn.h:58:32: warning: 'process' overrides a member function but is not marked 'override' [-Winconsistent-missing-override]
controller/multilayerffnn.h:62:32: warning: 'learn' overrides a member function but is not marked 'override' [-Winconsistent-missing-override]
controller/multilayerffnn.h:74:32: warning: 'response' overrides a member function but is not marked 'override' [-Winconsistent-missing-override]
controller/multilayerffnn.h:83:32: warning: 'inversion' overrides a member function but is not marked 'override' [-Winconsistent-missing-override]
controller/multilayerffnn.h:87:24: warning: 'getInputDim' overrides a member function but is not marked 'override' [-Winconsistent-missing-override]
controller/multilayerffnn.h:91:24: warning: 'getOutputDim' overrides a member function but is not marked 'override' [-Winconsistent-missing-override]
controller/multilayerffnn.h:147:8: warning: 'store' overrides a member function but is not marked 'override' [-Winconsistent-missing-override]
controller/multilayerffnn.h:149:8: warning: 'restore' overrides a member function but is not marked 'override' [-Winconsistent-missing-override]
controller/multilayerffnn.h:156:25: warning: 'getInternalParamNames' overrides a member function but is not marked 'override' [-Winconsistent-missing-override]
controller/multilayerffnn.h:157:25: warning: 'getInternalParams' overrides a member function but is not marked 'override' [-Winconsistent-missing-override]
controller/multilayerffnn.h:158:22: warning: 'getStructuralLayers' overrides a member function but is not marked 'override' [-Winconsistent-missing-override]
controller/multilayerffnn.h:159:27: warning: 'getStructuralConnections' overrides a member function but is not marked 'override' [-Winconsistent-missing-override]
controller/derpseudosensor.h:73:16: warning: 'step' overrides a member function but is not marked 'override' [-Winconsistent-missing-override]
controller/derpseudosensor.h:76:16: warning: 'stepNoLearning' overrides a member function but is not marked 'override' [-Winconsistent-missing-override]
controller/derpseudosensor.h:82:16: warning: 'store' overrides a member function but is not marked 'override' [-Winconsistent-missing-override]
controller/derpseudosensor.h:84:16: warning: 'restore' overrides a member function but is not marked 'override' [-Winconsistent-missing-override]
controller/derpseudosensor.h:87:25: warning: 'getInternalParamNames' overrides a member function but is not marked 'override' [-Winconsistent-missing-override]
controller/derpseudosensor.h:88:25: warning: 'getInternalParams' overrides a member function but is not marked 'override' [-Winconsistent-missing-override]
controller/derpseudosensor.h:89:22: warning: 'getStructuralLayers' overrides a member function but is not marked 'override' [-Winconsistent-missing-override]
controller/derpseudosensor.h:90:27: warning: 'getStructuralConnections' overrides a member function but is not marked 'override' [-Winconsistent-missing-override]
controller/derpseudosensor.h:93:16: warning: 'notifyOnChange' overrides a member function but is not marked 'override' [-Winconsistent-missing-override]
controller/discretecontrolleradapter.h:139:16: warning: 'step' overrides a member function but is not marked 'override' [-Winconsistent-missing-override]
controller/discretecontrolleradapter.h:144:16: warning: 'stepNoLearning' overrides a member function but is not marked 'override' [-Winconsistent-missing-override]
controller/multilayerffnn.h:54:16: warning: 'init' overrides a member function but is not marked 'override' [-Winconsistent-missing-override]
controller/multilayerffnn.h:58:32: warning: 'process' overrides a member function but is not marked 'override' [-Winconsistent-missing-override]
controller/multilayerffnn.h:62:32: warning: 'learn' overrides a member function but is not marked 'override' [-Winconsistent-missing-override]
controller/multilayerffnn.h:74:32: warning: 'response' overrides a member function but is not marked 'override' [-Winconsistent-missing-override]
controller/multilayerffnn.h:83:32: warning: 'inversion' overrides a member function but is not marked 'override' [-Winconsistent-missing-override]
controller/multilayerffnn.h:87:24: warning: 'getInputDim' overrides a member function but is not marked 'override' [-Winconsistent-missing-override]
controller/multilayerffnn.h:91:24: warning: 'getOutputDim' overrides a member function but is not marked 'override' [-Winconsistent-missing-override]
controller/multilayerffnn.h:147:8: warning: 'store' overrides a member function but is not marked 'override' [-Winconsistent-missing-override]
controller/multilayerffnn.h:149:8: warning: 'restore' overrides a member function but is not marked 'override' [-Winconsistent-missing-override]
controller/multilayerffnn.h:156:25: warning: 'getInternalParamNames' overrides a member function but is not marked 'override' [-Winconsistent-missing-override]
controller/multilayerffnn.h:157:25: warning: 'getInternalParams' overrides a member function but is not marked 'override' [-Winconsistent-missing-override]
controller/multilayerffnn.h:158:22: warning: 'getStructuralLayers' overrides a member function but is not marked 'override' [-Winconsistent-missing-override]
controller/multilayerffnn.h:159:27: warning: 'getStructuralConnections' overrides a member function but is not marked 'override' [-Winconsistent-missing-override]
controller/elman.h:75:16: warning: 'init' overrides a member function but is not marked 'override' [-Winconsistent-missing-override]
controller/elman.h:81:32: warning: 'process' overrides a member function but is not marked 'override' [-Winconsistent-missing-override]
controller/elman.h:84:32: warning: 'learn' overrides a member function but is not marked 'override' [-Winconsistent-missing-override]
controller/elman.h:112:8: warning: 'damp' overrides a member function but is not marked 'override' [-Winconsistent-missing-override]
controller/elman.h:116:8: warning: 'store' overrides a member function but is not marked 'override' [-Winconsistent-missing-override]
controller/elman.h:118:8: warning: 'restore' overrides a member function but is not marked 'override' [-Winconsistent-missing-override]
controller/elman.h:122:20: warning: 'getName' overrides a member function but is not marked 'override' [-Winconsistent-missing-override]
include/selforg/multilayerffnn.h:54:16: warning: 'init' overrides a member function but is not marked 'override' [-Winconsistent-missing-override]
include/selforg/multilayerffnn.h:58:32: warning: 'process' overrides a member function but is not marked 'override' [-Winconsistent-missing-override]
include/selforg/multilayerffnn.h:62:32: warning: 'learn' overrides a member function but is not marked 'override' [-Winconsistent-missing-override]
include/selforg/multilayerffnn.h:74:32: warning: 'response' overrides a member function but is not marked 'override' [-Winconsistent-missing-override]
include/selforg/multilayerffnn.h:83:32: warning: 'inversion' overrides a member function but is not marked 'override' [-Winconsistent-missing-override]
include/selforg/multilayerffnn.h:87:24: warning: 'getInputDim' overrides a member function but is not marked 'override' [-Winconsistent-missing-override]
include/selforg/multilayerffnn.h:91:24: warning: 'getOutputDim' overrides a member function but is not marked 'override' [-Winconsistent-missing-override]
include/selforg/multilayerffnn.h:147:8: warning: 'store' overrides a member function but is not marked 'override' [-Winconsistent-missing-override]
include/selforg/multilayerffnn.h:149:8: warning: 'restore' overrides a member function but is not marked 'override' [-Winconsistent-missing-override]
include/selforg/multilayerffnn.h:156:25: warning: 'getInternalParamNames' overrides a member function but is not marked 'override' [-Winconsistent-missing-override]
include/selforg/multilayerffnn.h:157:25: warning: 'getInternalParams' overrides a member function but is not marked 'override' [-Winconsistent-missing-override]
include/selforg/multilayerffnn.h:158:22: warning: 'getStructuralLayers' overrides a member function but is not marked 'override' [-Winconsistent-missing-override]
include/selforg/multilayerffnn.h:159:27: warning: 'getStructuralConnections' overrides a member function but is not marked 'override' [-Winconsistent-missing-override]
controller/ffnncontroller.h:60:16: warning: 'step' overrides a member function but is not marked 'override' [-Winconsistent-missing-override]
controller/ffnncontroller.h:61:16: warning: 'stepNoLearning' overrides a member function but is not marked 'override' [-Winconsistent-missing-override]
controller/ffnncontroller.h:65:8: warning: 'notifyOnChange' overrides a member function but is not marked 'override' [-Winconsistent-missing-override]
controller/ffnncontroller.h:69:16: warning: 'store' overrides a member function but is not marked 'override' [-Winconsistent-missing-override]
controller/ffnncontroller.h:71:16: warning: 'restore' overrides a member function but is not marked 'override' [-Winconsistent-missing-override]
controller/ffnncontroller.h:74:32: warning: 'getInternalParamNames' overrides a member function but is not marked 'override' [-Winconsistent-missing-override]
controller/ffnncontroller.h:75:32: warning: 'getInternalParams' overrides a member function but is not marked 'override' [-Winconsistent-missing-override]
controller/invertmotorbigmodel.h:69:16: warning: 'step' overrides a member function but is not marked 'override' [-Winconsistent-missing-override]
controller/invertmotorbigmodel.h:72:16: warning: 'stepNoLearning' overrides a member function but is not marked 'override' [-Winconsistent-missing-override]
controller/invertmotorbigmodel.h:78:16: warning: 'store' overrides a member function but is not marked 'override' [-Winconsistent-missing-override]
controller/invertmotorbigmodel.h:80:16: warning: 'restore' overrides a member function but is not marked 'override' [-Winconsistent-missing-override]
controller/invertmotorbigmodel.h:83:25: warning: 'getInternalParamNames' overrides a member function but is not marked 'override' [-Winconsistent-missing-override]
controller/invertmotorbigmodel.h:84:25: warning: 'getInternalParams' overrides a member function but is not marked 'override' [-Winconsistent-missing-override]
controller/invertmotorbigmodel.h:85:22: warning: 'getStructuralLayers' overrides a member function but is not marked 'override' [-Winconsistent-missing-override]
controller/invertmotorbigmodel.h:86:27: warning: 'getStructuralConnections' overrides a member function but is not marked 'override' [-Winconsistent-missing-override]
controller/invertmotornstep.cpp:28:7: warning: field 'conf' will be initialized after field 'number_sensors' [-Wreorder-ctor]
controller/measureadapter.h:77:16: warning: 'step' overrides a member function but is not marked 'override' [-Winconsistent-missing-override]
controller/measureadapter.h:83:16: warning: 'stepNoLearning' overrides a member function but is not marked 'override' [-Winconsistent-missing-override]
controller/modelwithmemoryadapter.h:42:16: warning: 'init' overrides a member function but is not marked 'override' [-Winconsistent-missing-override]
controller/modelwithmemoryadapter.h:49:32: warning: 'learn' overrides a member function but is not marked 'override' [-Winconsistent-missing-override]
controller/modelwithmemoryadapter.h:55:32: warning: 'process' overrides a member function but is not marked 'override' [-Winconsistent-missing-override]
controller/modelwithmemoryadapter.h:59:32: warning: 'response' overrides a member function but is not marked 'override' [-Winconsistent-missing-override]
controller/modelwithmemoryadapter.h:63:32: warning: 'inversion' overrides a member function but is not marked 'override' [-Winconsistent-missing-override]
controller/modelwithmemoryadapter.h:67:24: warning: 'getInputDim' overrides a member function but is not marked 'override' [-Winconsistent-missing-override]
controller/modelwithmemoryadapter.h:70:24: warning: 'getOutputDim' overrides a member function but is not marked 'override' [-Winconsistent-missing-override]
controller/modelwithmemoryadapter.h:87:8: warning: 'store' overrides a member function but is not marked 'override' [-Winconsistent-missing-override]
controller/modelwithmemoryadapter.h:89:8: warning: 'restore' overrides a member function but is not marked 'override' [-Winconsistent-missing-override]
controller/modelwithmemoryadapter.h:92:25: warning: 'getInternalParamNames' overrides a member function but is not marked 'override' [-Winconsistent-missing-override]
controller/modelwithmemoryadapter.h:93:25: warning: 'getInternalParams' overrides a member function but is not marked 'override' [-Winconsistent-missing-override]
controller/modelwithmemoryadapter.h:94:22: warning: 'getStructuralLayers' overrides a member function but is not marked 'override' [-Winconsistent-missing-override]
controller/modelwithmemoryadapter.h:95:27: warning: 'getStructuralConnections' overrides a member function but is not marked 'override' [-Winconsistent-missing-override]
controller/multilayerffnn.h:54:16: warning: 'init' overrides a member function but is not marked 'override' [-Winconsistent-missing-override]
controller/multilayerffnn.h:58:32: warning: 'process' overrides a member function but is not marked 'override' [-Winconsistent-missing-override]
controller/multilayerffnn.h:62:32: warning: 'learn' overrides a member function but is not marked 'override' [-Winconsistent-missing-override]
controller/multilayerffnn.h:74:32: warning: 'response' overrides a member function but is not marked 'override' [-Winconsistent-missing-override]
controller/multilayerffnn.h:83:32: warning: 'inversion' overrides a member function but is not marked 'override' [-Winconsistent-missing-override]
controller/multilayerffnn.h:87:24: warning: 'getInputDim' overrides a member function but is not marked 'override' [-Winconsistent-missing-override]
controller/multilayerffnn.h:91:24: warning: 'getOutputDim' overrides a member function but is not marked 'override' [-Winconsistent-missing-override]
controller/multilayerffnn.h:147:8: warning: 'store' overrides a member function but is not marked 'override' [-Winconsistent-missing-override]
controller/multilayerffnn.h:149:8: warning: 'restore' overrides a member function but is not marked 'override' [-Winconsistent-missing-override]
controller/multilayerffnn.h:156:25: warning: 'getInternalParamNames' overrides a member function but is not marked 'override' [-Winconsistent-missing-override]
controller/multilayerffnn.h:157:25: warning: 'getInternalParams' overrides a member function but is not marked 'override' [-Winconsistent-missing-override]
controller/multilayerffnn.h:158:22: warning: 'getStructuralLayers' overrides a member function but is not marked 'override' [-Winconsistent-missing-override]
controller/multilayerffnn.h:159:27: warning: 'getStructuralConnections' overrides a member function but is not marked 'override' [-Winconsistent-missing-override]
include/selforg/multilayerffnn.h:54:16: warning: 'init' overrides a member function but is not marked 'override' [-Winconsistent-missing-override]
include/selforg/multilayerffnn.h:58:32: warning: 'process' overrides a member function but is not marked 'override' [-Winconsistent-missing-override]
include/selforg/multilayerffnn.h:62:32: warning: 'learn' overrides a member function but is not marked 'override' [-Winconsistent-missing-override]
include/selforg/multilayerffnn.h:74:32: warning: 'response' overrides a member function but is not marked 'override' [-Winconsistent-missing-override]
include/selforg/multilayerffnn.h:83:32: warning: 'inversion' overrides a member function but is not marked 'override' [-Winconsistent-missing-override]
include/selforg/multilayerffnn.h:87:24: warning: 'getInputDim' overrides a member function but is not marked 'override' [-Winconsistent-missing-override]
include/selforg/multilayerffnn.h:91:24: warning: 'getOutputDim' overrides a member function but is not marked 'override' [-Winconsistent-missing-override]
include/selforg/multilayerffnn.h:147:8: warning: 'store' overrides a member function but is not marked 'override' [-Winconsistent-missing-override]
include/selforg/multilayerffnn.h:149:8: warning: 'restore' overrides a member function but is not marked 'override' [-Winconsistent-missing-override]
include/selforg/multilayerffnn.h:156:25: warning: 'getInternalParamNames' overrides a member function but is not marked 'override' [-Winconsistent-missing-override]
include/selforg/multilayerffnn.h:157:25: warning: 'getInternalParams' overrides a member function but is not marked 'override' [-Winconsistent-missing-override]
include/selforg/multilayerffnn.h:158:22: warning: 'getStructuralLayers' overrides a member function but is not marked 'override' [-Winconsistent-missing-override]
include/selforg/multilayerffnn.h:159:27: warning: 'getStructuralConnections' overrides a member function but is not marked 'override' [-Winconsistent-missing-override]
controller/mutualinformationcontroller.h:117:16: warning: 'step' overrides a member function but is not marked 'override' [-Winconsistent-missing-override]
controller/mutualinformationcontroller.h:123:16: warning: 'stepNoLearning' overrides a member function but is not marked 'override' [-Winconsistent-missing-override]
controller/mutualinformationcontroller.h:156:16: warning: 'store' overrides a member function but is not marked 'override' [-Winconsistent-missing-override]
controller/mutualinformationcontroller.h:160:16: warning: 'restore' overrides a member function but is not marked 'override' [-Winconsistent-missing-override]
controller/neuralgas.h:55:16: warning: 'init' overrides a member function but is not marked 'override' [-Winconsistent-missing-override]
controller/neuralgas.h:58:32: warning: 'process' overrides a member function but is not marked 'override' [-Winconsistent-missing-override]
controller/neuralgas.h:65:32: warning: 'learn' overrides a member function but is not marked 'override' [-Winconsistent-missing-override]
controller/neuralgas.h:71:24: warning: 'getInputDim' overrides a member function but is not marked 'override' [-Winconsistent-missing-override]
controller/neuralgas.h:72:24: warning: 'getOutputDim' overrides a member function but is not marked 'override' [-Winconsistent-missing-override]
controller/neuralgas.h:75:16: warning: 'store' overrides a member function but is not marked 'override' [-Winconsistent-missing-override]
controller/neuralgas.h:76:16: warning: 'restore' overrides a member function but is not marked 'override' [-Winconsistent-missing-override]
controller/oneactivemultipassivecontroller.h:68:22: warning: 'step' overrides a member function but is not marked 'override' [-Winconsistent-missing-override]
controller/oneactivemultipassivecontroller.h:74:22: warning: 'stepNoLearning' overrides a member function but is not marked 'override' [-Winconsistent-missing-override]
controller/onelayerffnn.h:50:16: warning: 'init' overrides a member function but is not marked 'override' [-Winconsistent-missing-override]
controller/onelayerffnn.h:53:32: warning: 'process' overrides a member function but is not marked 'override' [-Winconsistent-missing-override]
controller/onelayerffnn.h:55:32: warning: 'learn' overrides a member function but is not marked 'override' [-Winconsistent-missing-override]
controller/onelayerffnn.h:60:24: warning: 'getInputDim' overrides a member function but is not marked 'override' [-Winconsistent-missing-override]
controller/onelayerffnn.h:64:24: warning: 'getOutputDim' overrides a member function but is not marked 'override' [-Winconsistent-missing-override]
controller/onelayerffnn.h:79:8: warning: 'store' overrides a member function but is not marked 'override' [-Winconsistent-missing-override]
controller/onelayerffnn.h:81:8: warning: 'restore' overrides a member function but is not marked 'override' [-Winconsistent-missing-override]
controller/pimax.h:66:16: warning: 'init' overrides a member function but is not marked 'override' [-Winconsistent-missing-override]
controller/pimax.h:84:15: warning: 'getSensorNumber' overrides a member function but is not marked 'override' [-Winconsistent-missing-override]
controller/pimax.h:86:15: warning: 'getMotorNumber' overrides a member function but is not marked 'override' [-Winconsistent-missing-override]
controller/pimax.h:90:16: warning: 'step' overrides a member function but is not marked 'override' [-Winconsistent-missing-override]
controller/pimax.h:94:16: warning: 'stepNoLearning' overrides a member function but is not marked 'override' [-Winconsistent-missing-override]
controller/pimax.h:98:16: warning: 'motorBabblingStep' overrides a member function but is not marked 'override' [-Winconsistent-missing-override]
controller/pimax.h:103:16: warning: 'store' overrides a member function but is not marked 'override' [-Winconsistent-missing-override]
controller/pimax.h:105:16: warning: 'restore' overrides a member function but is not marked 'override' [-Winconsistent-missing-override]
controller/pimax.h:116:16: warning: 'setMotorTeaching' overrides a member function but is not marked 'override' [-Winconsistent-missing-override]
controller/pimax.h:117:16: warning: 'setSensorTeaching' overrides a member function but is not marked 'override' [-Winconsistent-missing-override]
controller/pimax.h:118:26: warning: 'getLastMotorValues' overrides a member function but is not marked 'override' [-Winconsistent-missing-override]
controller/pimax.h:119:26: warning: 'getLastSensorValues' overrides a member function but is not marked 'override' [-Winconsistent-missing-override]
controller/semox.h:77:16: warning: 'init' overrides a member function but is not marked 'override' [-Winconsistent-missing-override]
controller/semox.h:82:15: warning: 'getSensorNumber' overrides a member function but is not marked 'override' [-Winconsistent-missing-override]
controller/semox.h:84:15: warning: 'getMotorNumber' overrides a member function but is not marked 'override' [-Winconsistent-missing-override]
controller/semox.h:88:16: warning: 'step' overrides a member function but is not marked 'override' [-Winconsistent-missing-override]
controller/semox.h:91:16: warning: 'stepNoLearning' overrides a member function but is not marked 'override' [-Winconsistent-missing-override]
controller/semox.h:96:16: warning: 'store' overrides a member function but is not marked 'override' [-Winconsistent-missing-override]
controller/semox.h:98:16: warning: 'restore' overrides a member function but is not marked 'override' [-Winconsistent-missing-override]
controller/semox.h:101:29: warning: 'getStructuralLayers' overrides a member function but is not marked 'override' [-Winconsistent-missing-override]
controller/semox.h:102:34: warning: 'getStructuralConnections' overrides a member function but is not marked 'override' [-Winconsistent-missing-override]
controller/semox.h:111:16: warning: 'setMotorTeaching' overrides a member function but is not marked 'override' [-Winconsistent-missing-override]
controller/semox.h:118:16: warning: 'setSensorTeaching' overrides a member function but is not marked 'override' [-Winconsistent-missing-override]
controller/semox.h:120:26: warning: 'getLastMotorValues' overrides a member function but is not marked 'override' [-Winconsistent-missing-override]
controller/semox.h:122:26: warning: 'getLastSensorValues' overrides a member function but is not marked 'override' [-Winconsistent-missing-override]
controller/sinecontroller.h:68:16: warning: 'step' overrides a member function but is not marked 'override' [-Winconsistent-missing-override]
controller/sinecontroller.h:73:16: warning: 'stepNoLearning' overrides a member function but is not marked 'override' [-Winconsistent-missing-override]
controller/sinecontroller.h:79:16: warning: 'store' overrides a member function but is not marked 'override' [-Winconsistent-missing-override]
controller/sinecontroller.h:85:16: warning: 'restore' overrides a member function but is not marked 'override' [-Winconsistent-missing-override]
controller/sinecontroller.h:118:16: warning: 'stepNoLearning' overrides a member function but is not marked 'override' [-Winconsistent-missing-override]
controller/som.h:58:16: warning: 'init' overrides a member function but is not marked 'override' [-Winconsistent-missing-override]
controller/som.h:61:32: warning: 'process' overrides a member function but is not marked 'override' [-Winconsistent-missing-override]
controller/som.h:68:32: warning: 'learn' overrides a member function but is not marked 'override' [-Winconsistent-missing-override]
controller/som.h:74:24: warning: 'getInputDim' overrides a member function but is not marked 'override' [-Winconsistent-missing-override]
controller/som.h:75:24: warning: 'getOutputDim' overrides a member function but is not marked 'override' [-Winconsistent-missing-override]
controller/som.h:78:16: warning: 'store' overrides a member function but is not marked 'override' [-Winconsistent-missing-override]
controller/som.h:79:16: warning: 'restore' overrides a member function but is not marked 'override' [-Winconsistent-missing-override]
controller/sox.h:66:16: warning: 'init' overrides a member function but is not marked 'override' [-Winconsistent-missing-override]
controller/sox.h:88:15: warning: 'getSensorNumber' overrides a member function but is not marked 'override' [-Winconsistent-missing-override]
controller/sox.h:90:15: warning: 'getMotorNumber' overrides a member function but is not marked 'override' [-Winconsistent-missing-override]
controller/sox.h:94:16: warning: 'step' overrides a member function but is not marked 'override' [-Winconsistent-missing-override]
controller/sox.h:98:16: warning: 'stepNoLearning' overrides a member function but is not marked 'override' [-Winconsistent-missing-override]
controller/sox.h:102:16: warning: 'motorBabblingStep' overrides a member function but is not marked 'override' [-Winconsistent-missing-override]
controller/sox.h:107:16: warning: 'store' overrides a member function but is not marked 'override' [-Winconsistent-missing-override]
controller/sox.h:109:16: warning: 'restore' overrides a member function but is not marked 'override' [-Winconsistent-missing-override]
controller/sox.h:120:16: warning: 'setMotorTeaching' overrides a member function but is not marked 'override' [-Winconsistent-missing-override]
controller/sox.h:121:16: warning: 'setSensorTeaching' overrides a member function but is not marked 'override' [-Winconsistent-missing-override]
controller/sox.h:122:26: warning: 'getLastMotorValues' overrides a member function but is not marked 'override' [-Winconsistent-missing-override]
controller/sox.h:123:26: warning: 'getLastSensorValues' overrides a member function but is not marked 'override' [-Winconsistent-missing-override]
controller/switchcontroller.h:41:16: warning: 'step' overrides a member function but is not marked 'override' [-Winconsistent-missing-override]
controller/switchcontroller.h:43:16: warning: 'stepNoLearning' overrides a member function but is not marked 'override' [-Winconsistent-missing-override]
controller/switchcontroller.h:51:16: warning: 'store' overrides a member function but is not marked 'override' [-Winconsistent-missing-override]
controller/switchcontroller.h:52:16: warning: 'restore' overrides a member function but is not marked 'override' [-Winconsistent-missing-override]
controller/multilayerffnn.h:54:16: warning: 'init' overrides a member function but is not marked 'override' [-Winconsistent-missing-override]
controller/multilayerffnn.h:58:32: warning: 'process' overrides a member function but is not marked 'override' [-Winconsistent-missing-override]
controller/multilayerffnn.h:62:32: warning: 'learn' overrides a member function but is not marked 'override' [-Winconsistent-missing-override]
controller/multilayerffnn.h:74:32: warning: 'response' overrides a member function but is not marked 'override' [-Winconsistent-missing-override]
controller/multilayerffnn.h:83:32: warning: 'inversion' overrides a member function but is not marked 'override' [-Winconsistent-missing-override]
controller/multilayerffnn.h:87:24: warning: 'getInputDim' overrides a member function but is not marked 'override' [-Winconsistent-missing-override]
controller/multilayerffnn.h:91:24: warning: 'getOutputDim' overrides a member function but is not marked 'override' [-Winconsistent-missing-override]
controller/multilayerffnn.h:147:8: warning: 'store' overrides a member function but is not marked 'override' [-Winconsistent-missing-override]
controller/multilayerffnn.h:149:8: warning: 'restore' overrides a member function but is not marked 'override' [-Winconsistent-missing-override]
controller/multilayerffnn.h:156:25: warning: 'getInternalParamNames' overrides a member function but is not marked 'override' [-Winconsistent-missing-override]
controller/multilayerffnn.h:157:25: warning: 'getInternalParams' overrides a member function but is not marked 'override' [-Winconsistent-missing-override]
controller/multilayerffnn.h:158:22: warning: 'getStructuralLayers' overrides a member function but is not marked 'override' [-Winconsistent-missing-override]
controller/multilayerffnn.h:159:27: warning: 'getStructuralConnections' overrides a member function but is not marked 'override' [-Winconsistent-missing-override]
controller/elman.h:75:16: warning: 'init' overrides a member function but is not marked 'override' [-Winconsistent-missing-override]
controller/elman.h:81:32: warning: 'process' overrides a member function but is not marked 'override' [-Winconsistent-missing-override]
controller/elman.h:84:32: warning: 'learn' overrides a member function but is not marked 'override' [-Winconsistent-missing-override]
controller/elman.h:112:8: warning: 'damp' overrides a member function but is not marked 'override' [-Winconsistent-missing-override]
controller/elman.h:116:8: warning: 'store' overrides a member function but is not marked 'override' [-Winconsistent-missing-override]
controller/elman.h:118:8: warning: 'restore' overrides a member function but is not marked 'override' [-Winconsistent-missing-override]
controller/elman.h:122:20: warning: 'getName' overrides a member function but is not marked 'override' [-Winconsistent-missing-override]
controller/universalcontroller.h:86:16: warning: 'step' overrides a member function but is not marked 'override' [-Winconsistent-missing-override]
controller/universalcontroller.h:89:16: warning: 'stepNoLearning' overrides a member function but is not marked 'override' [-Winconsistent-missing-override]
controller/universalcontroller.h:120:32: warning: 'getInternalParamNames' overrides a member function but is not marked 'override' [-Winconsistent-missing-override]
controller/universalcontroller.h:121:32: warning: 'getInternalParams' overrides a member function but is not marked 'override' [-Winconsistent-missing-override]
controller/universalcontroller.h:122:22: warning: 'getStructuralLayers' overrides a member function but is not marked 'override' [-Winconsistent-missing-override]
controller/universalcontroller.h:123:27: warning: 'getStructuralConnections' overrides a member function but is not marked 'override' [-Winconsistent-missing-override]
controller/universalcontroller.h:126:16: warning: 'store' overrides a member function but is not marked 'override' [-Winconsistent-missing-override]
controller/universalcontroller.h:127:16: warning: 'restore' overrides a member function but is not marked 'override' [-Winconsistent-missing-override]
controller/use_java_controller.h:133:34: warning: 'use_java_controller::getParam' hides overloaded virtual function [-Woverloaded-virtual]
controller/use_java_controller.h:134:30: warning: 'use_java_controller::setParam' hides overloaded virtual function [-Woverloaded-virtual]
controller/use_java_controller.h:86:16: warning: 'init' overrides a member function but is not marked 'override' [-Winconsistent-missing-override]
controller/use_java_controller.h:104:30: warning: 'step' overrides a member function but is not marked 'override' [-Winconsistent-missing-override]
controller/use_java_controller.h:109:30: warning: 'stepNoLearning' overrides a member function but is not marked 'override' [-Winconsistent-missing-override]
controller/use_java_controller.h:124:46: warning: 'getInternalParamNames' overrides a member function but is not marked 'override' [-Winconsistent-missing-override]
controller/use_java_controller.h:130:46: warning: 'getInternalParams' overrides a member function but is not marked 'override' [-Winconsistent-missing-override]
controller/use_java_controller.h:135:35: warning: 'getParamList' overrides a member function but is not marked 'override' [-Winconsistent-missing-override]
controller/use_java_controller.h:139:30: warning: 'store' overrides a member function but is not marked 'override' [-Winconsistent-missing-override]
controller/use_java_controller.h:140:30: warning: 'restore' overrides a member function but is not marked 'override' [-Winconsistent-missing-override]
controller/use_java_controller.cpp:48:11: warning: 'sprintf' is deprecated: This function is provided for compatibility reasons only.  Due to security concerns inherent in the design of sprintf(3), it is highly recommended that you use snprintf(3) instead. [-Wdeprecated-declarations]
controller/use_java_controller.cpp:161:9: warning: 'sprintf' is deprecated: This function is provided for compatibility reasons only.  Due to security concerns inherent in the design of sprintf(3), it is highly recommended that you use snprintf(3) instead. [-Wdeprecated-declarations]
controller/use_java_controller.cpp:333:17: warning: 'sprintf' is deprecated: This function is provided for compatibility reasons only.  Due to security concerns inherent in the design of sprintf(3), it is highly recommended that you use snprintf(3) instead. [-Wdeprecated-declarations]
controller/use_java_controller.cpp:340:25: warning: 'sprintf' is deprecated: This function is provided for compatibility reasons only.  Due to security concerns inherent in the design of sprintf(3), it is highly recommended that you use snprintf(3) instead. [-Wdeprecated-declarations]
controller/use_java_controller.cpp:343:17: warning: 'sprintf' is deprecated: This function is provided for compatibility reasons only.  Due to security concerns inherent in the design of sprintf(3), it is highly recommended that you use snprintf(3) instead. [-Wdeprecated-declarations]
controller/use_java_controller.cpp:349:25: warning: 'sprintf' is deprecated: This function is provided for compatibility reasons only.  Due to security concerns inherent in the design of sprintf(3), it is highly recommended that you use snprintf(3) instead. [-Wdeprecated-declarations]
controller/use_java_controller.cpp:352:17: warning: 'sprintf' is deprecated: This function is provided for compatibility reasons only.  Due to security concerns inherent in the design of sprintf(3), it is highly recommended that you use snprintf(3) instead. [-Wdeprecated-declarations]
controller/use_java_controller.cpp:355:17: warning: 'sprintf' is deprecated: This function is provided for compatibility reasons only.  Due to security concerns inherent in the design of sprintf(3), it is highly recommended that you use snprintf(3) instead. [-Wdeprecated-declarations]
controller/use_java_controller.cpp:388:37: warning: variable length arrays in C++ are a Clang extension [-Wvla-cxx-extension]
controller/use_java_controller.cpp:531:33: warning: 'sprintf' is deprecated: This function is provided for compatibility reasons only.  Due to security concerns inherent in the design of sprintf(3), it is highly recommended that you use snprintf(3) instead. [-Wdeprecated-declarations]
utils/configurable.cpp:43:3: warning: 'sprintf' is deprecated: This function is provided for compatibility reasons only.  Due to security concerns inherent in the design of sprintf(3), it is highly recommended that you use snprintf(3) instead. [-Wdeprecated-declarations]
utils/configurable.cpp:58:3: warning: 'sprintf' is deprecated: This function is provided for compatibility reasons only.  Due to security concerns inherent in the design of sprintf(3), it is highly recommended that you use snprintf(3) instead. [-Wdeprecated-declarations]
utils/configurable.cpp:356:20: warning: variable length arrays in C++ are a Clang extension [-Wvla-cxx-extension]
utils/configurable.cpp:357:5: warning: 'sprintf' is deprecated: This function is provided for compatibility reasons only.  Due to security concerns inherent in the design of sprintf(3), it is highly recommended that you use snprintf(3) instead. [-Wdeprecated-declarations]
utils/configurable.cpp:387:12: warning: variable length arrays in C++ are a Clang extension [-Wvla-cxx-extension]
utils/inspectable.h:263:8: warning: private field 'printParentName' is not used [-Wunused-private-field]
utils/plotoption.cpp:51:9: warning: 'sprintf' is deprecated: This function is provided for compatibility reasons only.  Due to security concerns inherent in the design of sprintf(3), it is highly recommended that you use snprintf(3) instead. [-Wdeprecated-declarations]
utils/plotoption.cpp:53:9: warning: 'sprintf' is deprecated: This function is provided for compatibility reasons only.  Due to security concerns inherent in the design of sprintf(3), it is highly recommended that you use snprintf(3) instead. [-Wdeprecated-declarations]
utils/plotoption.cpp:65:5: warning: 'sprintf' is deprecated: This function is provided for compatibility reasons only.  Due to security concerns inherent in the design of sprintf(3), it is highly recommended that you use snprintf(3) instead. [-Wdeprecated-declarations]
utils/plotoption.cpp:71:7: warning: 'sprintf' is deprecated: This function is provided for compatibility reasons only.  Due to security concerns inherent in the design of sprintf(3), it is highly recommended that you use snprintf(3) instead. [-Wdeprecated-declarations]
utils/plotoption.cpp:73:7: warning: 'sprintf' is deprecated: This function is provided for compatibility reasons only.  Due to security concerns inherent in the design of sprintf(3), it is highly recommended that you use snprintf(3) instead. [-Wdeprecated-declarations]
utils/plotoption.cpp:92:11: warning: 'sprintf' is deprecated: This function is provided for compatibility reasons only.  Due to security concerns inherent in the design of sprintf(3), it is highly recommended that you use snprintf(3) instead. [-Wdeprecated-declarations]
utils/plotoption.cpp:95:11: warning: 'sprintf' is deprecated: This function is provided for compatibility reasons only.  Due to security concerns inherent in the design of sprintf(3), it is highly recommended that you use snprintf(3) instead. [-Wdeprecated-declarations]
utils/plotoption.cpp:104:13: warning: 'sprintf' is deprecated: This function is provided for compatibility reasons only.  Due to security concerns inherent in the design of sprintf(3), it is highly recommended that you use snprintf(3) instead. [-Wdeprecated-declarations]
utils/plotoption.cpp:107:13: warning: 'sprintf' is deprecated: This function is provided for compatibility reasons only.  Due to security concerns inherent in the design of sprintf(3), it is highly recommended that you use snprintf(3) instead. [-Wdeprecated-declarations]
utils/plotoption.cpp:116:15: warning: 'sprintf' is deprecated: This function is provided for compatibility reasons only.  Due to security concerns inherent in the design of sprintf(3), it is highly recommended that you use snprintf(3) instead. [-Wdeprecated-declarations]
utils/plotoption.cpp:119:15: warning: 'sprintf' is deprecated: This function is provided for compatibility reasons only.  Due to security concerns inherent in the design of sprintf(3), it is highly recommended that you use snprintf(3) instead. [-Wdeprecated-declarations]
utils/plotoption.cpp:142:5: warning: 'sprintf' is deprecated: This function is provided for compatibility reasons only.  Due to security concerns inherent in the design of sprintf(3), it is highly recommended that you use snprintf(3) instead. [-Wdeprecated-declarations]
utils/stl_adds.cpp:32:5: warning: 'sprintf' is deprecated: This function is provided for compatibility reasons only.  Due to security concerns inherent in the design of sprintf(3), it is highly recommended that you use snprintf(3) instead. [-Wdeprecated-declarations]
utils/stl_adds.cpp:38:5: warning: 'sprintf' is deprecated: This function is provided for compatibility reasons only.  Due to security concerns inherent in the design of sprintf(3), it is highly recommended that you use snprintf(3) instead. [-Wdeprecated-declarations]
utils/stl_adds.cpp:44:5: warning: 'sprintf' is deprecated: This function is provided for compatibility reasons only.  Due to security concerns inherent in the design of sprintf(3), it is highly recommended that you use snprintf(3) instead. [-Wdeprecated-declarations]
utils/stl_adds.cpp:50:5: warning: 'sprintf' is deprecated: This function is provided for compatibility reasons only.  Due to security concerns inherent in the design of sprintf(3), it is highly recommended that you use snprintf(3) instead. [-Wdeprecated-declarations]
utils/trackrobots.cpp:50:9: warning: 'sprintf' is deprecated: This function is provided for compatibility reasons only.  Due to security concerns inherent in the design of sprintf(3), it is highly recommended that you use snprintf(3) instead. [-Wdeprecated-declarations]
utils/trackrobots.cpp:53:9: warning: 'sprintf' is deprecated: This function is provided for compatibility reasons only.  Due to security concerns inherent in the design of sprintf(3), it is highly recommended that you use snprintf(3) instead. [-Wdeprecated-declarations]
utils/trackrobots.cpp:57:9: warning: 'sprintf' is deprecated: This function is provided for compatibility reasons only.  Due to security concerns inherent in the design of sprintf(3), it is highly recommended that you use snprintf(3) instead. [-Wdeprecated-declarations]
utils/trackrobots.cpp:59:9: warning: 'sprintf' is deprecated: This function is provided for compatibility reasons only.  Due to security concerns inherent in the design of sprintf(3), it is highly recommended that you use snprintf(3) instead. [-Wdeprecated-declarations]
matrix/matrix.cpp:118:30: error: unexpected namespace name 'std': expected expression
matrix/matrix.cpp:118:34: error: expected ';' at end of declaration
matrix/matrix.cpp:119:30: error: unexpected namespace name 'std': expected expression
matrix/matrix.cpp:119:34: error: expected ';' at end of declaration
