Makefile:199: Makefile.depend: No such file or directory
for file in ./abstractrobot.h ./agent.h ./trackable.h ./wiredcontroller.h controller/abstractcontroller.h controller/abstractcontrolleradapter.h controller/abstractiafcontroller.h controller/abstractmodel.h controller/abstractmulticontroller.h controller/braitenberg.h controller/classicreinforce.h controller/controllernet.h controller/crossmotorcoupling.h controller/dep.h controller/derbigcontroller.h controller/dercontroller.h controller/derinf.h controller/derlininvert.h controller/derlinunivers.h controller/derpseudosensor.h controller/dinvert3channelcontroller.h controller/discretecontrolleradapter.h controller/discretesizable.h controller/elman.h controller/esn.h controller/feedforwardnn.h controller/ffnncontroller.h controller/homeokinbase.h controller/invert3channelcontroller.h controller/invertablemodel.h controller/invertcontroller.h controller/invertmotorbigmodel.h controller/invertmotorcontroller.h controller/invertmotornstep.h controller/invertmotorspace.h controller/invertnchannelcontroller.h controller/layer.h controller/measureadapter.h controller/modelwithmemoryadapter.h controller/motorbabbler.h controller/multilayerffnn.h controller/multireinforce.h controller/mutualinformationcontroller.h controller/neuralgas.h controller/oneactivemultipassivecontroller.h controller/onecontrollerperchannel.h controller/onelayerffnn.h controller/pimax.h controller/qlearning.h controller/regularisation.h controller/reinforceable.h controller/remotecontrolled.h controller/replaycontroller.h controller/semox.h controller/sinecontroller.h controller/som.h controller/soml.h controller/sos.h controller/sox.h controller/soxexpand.h controller/splitcontrol.h controller/switchcontroller.h controller/teachable.h controller/universalcontroller.h controller/use_java_controller.h wirings/abstractwiring.h wirings/copywiring.h wirings/derivativewiring.h wirings/feedbackwiring.h wirings/forceboostwiring.h wirings/motornoisewiring.h wirings/one2onewiring.h wirings/selectivenoisewiring.h wirings/selectiveone2onewiring.h wirings/wiringsequence.h utils/avrtypes.h utils/backcaller.h utils/backcallervector.h utils/callbackable.h utils/configurable.h utils/configurablelist.h utils/controller_misc.h utils/datafunc.h utils/discretisizer.h utils/globaldatabase.h utils/inspectable.h utils/inspectableproxy.h utils/lyapunov.h utils/mac_drand48r.h utils/mediator.h utils/mediatorcollegue.h utils/modern_randomgenerator.h utils/modern_storeable.h utils/noisegenerator.h utils/parametrizable.h utils/plotoption.h utils/plotoptionengine.h utils/position.h utils/quickmp.h utils/randomgenerator.h utils/ringbuffer.h utils/sensormotorinfo.h utils/stl_adds.h utils/stl_map.h utils/storeable.h utils/trackrobots.h utils/types.h matrix/matrix_neon.h matrix/matrix.h matrix/matrixutils.h matrix/sparsearray.h matrix/sparsematrix.h statistictools/analysationmodes.h statistictools/measuremodes.h statistictools/statistictools.h statistictools/measure/abstractmeasure.h statistictools/measure/complexmeasure.h statistictools/measure/imeasure.h statistictools/measure/statisticmeasure.h statistictools/measure/trackablemeasure.h statistictools/dataanalysation/templatevalueanalysation.h; do \
		ln -sf ../../$file include/selforg/; \
	done
makedepend -- -Wall -pipe -fpic -I./. -I./controller -I./wirings -I./utils -I./matrix -I./statistictools -I./statistictools/measure -I./statistictools/dataanalysation -Iinclude -Iinclude/selforg -std=c++17 -pthread -I/Users/jerry/lpzrobots/include -I/opt/homebrew/Cellar/gsl/2.8/include -DNOCONFIGURATOR -g -O -- ./agent.cpp ./wiredcontroller.cpp controller/abstractcontroller.cpp controller/abstractiafcontroller.cpp controller/abstractmulticontroller.cpp controller/classicreinforce.cpp controller/controllernet.cpp controller/crossmotorcoupling.cpp controller/dep.cpp controller/derbigcontroller.cpp controller/dercontroller.cpp controller/derinf.cpp controller/derlininvert.cpp controller/derlinunivers.cpp controller/derpseudosensor.cpp controller/discretecontrolleradapter.cpp controller/elman.cpp controller/esn.cpp controller/ffnncontroller.cpp controller/invertmotorbigmodel.cpp controller/invertmotornstep.cpp controller/invertmotorspace.cpp controller/invertnchannelcontroller.cpp controller/layer.cpp controller/measureadapter.cpp controller/modelwithmemoryadapter.cpp controller/motorbabbler.cpp controller/multilayerffnn.cpp controller/multireinforce.cpp controller/mutualinformationcontroller.cpp controller/neuralgas.cpp controller/oneactivemultipassivecontroller.cpp controller/onecontrollerperchannel.cpp controller/onelayerffnn.cpp controller/pimax.cpp controller/qlearning.cpp controller/semox.cpp controller/sinecontroller.cpp controller/som.cpp controller/soml.cpp controller/sos.cpp controller/sox.cpp controller/soxexpand.cpp controller/splitcontrol.cpp controller/switchcontroller.cpp controller/universalcontroller.cpp controller/use_java_controller.cpp wirings/abstractwiring.cpp wirings/copywiring.cpp wirings/derivativewiring.cpp wirings/feedbackwiring.cpp wirings/forceboostwiring.cpp wirings/one2onewiring.cpp wirings/selectiveone2onewiring.cpp wirings/wiringsequence.cpp utils/backcaller.cpp utils/configurable.cpp utils/configurablelist.cpp utils/controller_misc.cpp utils/discretisizer.cpp utils/globaldatabase.cpp utils/inspectable.cpp utils/inspectableproxy.cpp utils/lyapunov.cpp utils/mediator.cpp utils/mediatorcollegue.cpp utils/parametrizable.cpp utils/plotoption.cpp utils/plotoptionengine.cpp utils/randomgenerator.cpp utils/stl_adds.cpp utils/storeable.cpp utils/trackrobots.cpp matrix/matrix_neon.cpp matrix/matrix.cpp matrix/matrixutils.cpp statistictools/statistictools.cpp statistictools/measure/complexmeasure.cpp statistictools/measure/statisticmeasure.cpp statistictools/measure/trackablemeasure.cpp statistictools/dataanalysation/templatevalueanalysation.cpp -p'$(BUILD_DIR)/' -f- > Makefile.depend 2>/dev/null
g++ -c -Wall -pipe -fpic -I./. -I./controller -I./wirings -I./utils -I./matrix -I./statistictools -I./statistictools/measure -I./statistictools/dataanalysation -Iinclude -Iinclude/selforg -std=c++17 -pthread -I/Users/jerry/lpzrobots/include -I/opt/homebrew/Cellar/gsl/2.8/include -DNOCONFIGURATOR -g -O  -o "build/./agent.o" "agent.cpp"
In file included from agent.cpp:25:
In file included from ./agent.h:31:
./wiredcontroller.h:107:61: warning: duplicate 'const' declaration specifier [-Wduplicate-decl-specifier]
  107 |   virtual const AbstractController* getMotorBabbler() const const override { return motorBabbler; }
      |                                                             ^
./wiredcontroller.h:107:37: error: 'getMotorBabbler' marked 'override' but does not override any member functions
  107 |   virtual const AbstractController* getMotorBabbler() const const override { return motorBabbler; }
      |                                     ^
./wiredcontroller.h:110:16: error: 'stopMotorBabblingMode' marked 'override' but does not override any member functions
  110 |   virtual void stopMotorBabblingMode() override { motorBabblingSteps = 0; }
      |                ^
./wiredcontroller.h:112:16: error: 'getMotorBabblingMode' marked 'override' but does not override any member functions
  112 |   virtual bool getMotorBabblingMode() override { return motorBabblingSteps > 0; }
      |                ^
./wiredcontroller.h:138:37: error: 'getController' marked 'override' but does not override any member functions
  138 |   virtual const AbstractController* getController() const override { return controller;}
      |                                     ^
./wiredcontroller.h:139:17: warning: duplicate 'const' declaration specifier [-Wduplicate-decl-specifier]
  139 |   virtual const const AbstractController* getController() const const override { return controller;}
      |                 ^~~~~
./wiredcontroller.h:139:65: warning: duplicate 'const' declaration specifier [-Wduplicate-decl-specifier]
  139 |   virtual const const AbstractController* getController() const const override { return controller;}
      |                                                                 ^
./wiredcontroller.h:139:43: error: class member cannot be redeclared
  139 |   virtual const const AbstractController* getController() const const override { return controller;}
      |                                           ^
./wiredcontroller.h:138:37: note: previous definition is here
  138 |   virtual const AbstractController* getController() const override { return controller;}
      |                                     ^
./wiredcontroller.h:143:33: error: 'getWiring' marked 'override' but does not override any member functions
  143 |   virtual const AbstractWiring* getWiring() const override { return wiring;}
      |                                 ^
In file included from agent.cpp:25:
In file included from ./agent.h:37:
./utils/trackrobots.h:66:42: error: static member function cannot have 'const' qualifier
   66 |   static TrackRobotConf getDefaultConf() const {
      |                                          ^~~~~
./utils/trackrobots.h:68:10: error: no member named 'trackPos' in 'TrackRobotConf'
   68 |     conf.trackPos = true;
      |     ~~~~ ^
./utils/trackrobots.h:69:10: error: no member named 'trackSpeed' in 'TrackRobotConf'
   69 |     conf.trackSpeed = false;
      |     ~~~~ ^
./utils/trackrobots.h:70:10: error: no member named 'trackOrientation' in 'TrackRobotConf'
   70 |     conf.trackOrientation = false;
      |     ~~~~ ^
./utils/trackrobots.h:72:10: error: no member named 'displayTraceDur' in 'TrackRobotConf'; did you mean 'displayTrace'?
   72 |     conf.displayTraceDur = 60;
      |          ^~~~~~~~~~~~~~~
      |          displayTrace
./utils/trackrobots.h:41:8: note: 'displayTrace' declared here
   41 |   bool displayTrace = false;
      |        ^
./utils/trackrobots.h:73:10: error: no member named 'displayTraceThickness' in 'TrackRobotConf'
   73 |     conf.displayTraceThickness = 0.0;
      |     ~~~~ ^
./utils/trackrobots.h:74:10: error: no member named 'interval' in 'TrackRobotConf'
   74 |     conf.interval = 1;
      |     ~~~~ ^
./utils/trackrobots.h:75:10: error: no member named 'writeFile' in 'TrackRobotConf'
   75 |     conf.writeFile = true;
      |     ~~~~ ^
./utils/trackrobots.h:78:10: error: no member named 'autoFilename' in 'TrackRobotConf'
   78 |     conf.autoFilename = true;
      |     ~~~~ ^
./utils/trackrobots.h:100:10: error: no member named 'trackPos' in 'TrackRobotConf'
  100 |     conf.trackPos = trackPos;
      |     ~~~~ ^
./utils/trackrobots.h:101:10: error: no member named 'trackSpeed' in 'TrackRobotConf'
  101 |     conf.trackSpeed = trackSpeed;
      |     ~~~~ ^
./utils/trackrobots.h:102:10: error: no member named 'trackOrientation' in 'TrackRobotConf'
  102 |     conf.trackOrientation = trackOrientation;
      |     ~~~~ ^
./utils/trackrobots.h:104:10: error: no member named 'interval' in 'TrackRobotConf'
  104 |     conf.interval = interval;
      |     ~~~~ ^
fatal error: too many errors emitted, stopping now [-ferror-limit=]
3 warnings and 20 errors generated.
make: *** [build/./agent.o] Error 1
