+----------------------------------------------------------------+
|   _     ____ _________       _           _                     | 
|  | |   |  _ \__  /  _ \ ___ | |__   ___ | |_ ___               |
|  | |   | |_) |/ /| |_) / _ \| '_ \ / _ \| __/ __|              |
|  | |___|  __// /_|  _ < (_) | |_) | (_) | |_\__ \              |
|  |_____|_|  /____|_| \_\___/|_.__/ \___/ \__|___/              |
|                                                                |
| lpzRobots simulator, http://robot.informatik.uni-leipzig.de    |
+----------------------------------------------------------------+

Try 'make help' for more...
cd guilogger && /Applications/Xcode-beta.app/Contents/Developer/usr/bin/make distclean
make[1]: *** No rule to make target `distclean'.  Stop.
make: [clean-all] Error 2 (ignored)
cd matrixviz && /Applications/Xcode-beta.app/Contents/Developer/usr/bin/make distclean
rm -f moc_predefs.h
rm -f moc_AbstractRobotGUI.cpp moc_AbstractRobotSubWidget.cpp moc_ColorPalette.cpp moc_ListEntity.cpp moc_MatrixVisualizer.cpp moc_VisualiserSubWidget.cpp moc_configFile.cpp moc_ScaleFunction.cpp moc_AbstractPipeFilter.cpp moc_MatrixPipeFilter.cpp moc_SRGUIPipeFilter.cpp moc_BufferedPipeReader.cpp moc_SimplePipeReader.cpp moc_timer.cpp moc_AbstractVisualisation.cpp moc_LandscapeVisualisation.cpp moc_TextureVisualisation.cpp moc_VectorPlotVisualisation.cpp moc_BarVisualisation.cpp
rm -f AbstractRobotGUI.o ColorPalette.o ListEntity.o main.o MatrixVisualizer.o VisualiserSubWidget.o configFile.o ScaleFunction.o AxesPlotChannel.o DefaultPlotChannel.o GroupPlotChannel.o IRPlotChannel.o MatrixElementPlotChannel.o MatrixPlotChannel.o VectorElementPlotChannel.o VectorPlotChannel.o MotorCurrentPlotChannel.o MotorSpeedPlotChannel.o TiltPlotChannel.o TimeStampPlotChannel.o MatrixPipeFilter.o BufferedPipeReader.o SimplePipeReader.o AbstractVisualisation.o LandscapeVisualisation.o TextureVisualisation.o VectorPlotVisualisation.o BarVisualisation.o moc_AbstractRobotGUI.o moc_AbstractRobotSubWidget.o moc_ColorPalette.o moc_ListEntity.o moc_MatrixVisualizer.o moc_VisualiserSubWidget.o moc_configFile.o moc_ScaleFunction.o moc_AbstractPipeFilter.o moc_MatrixPipeFilter.o moc_SRGUIPipeFilter.o moc_BufferedPipeReader.o moc_SimplePipeReader.o moc_timer.o moc_AbstractVisualisation.o moc_LandscapeVisualisation.o moc_TextureVisualisation.o moc_VectorPlotVisualisation.o moc_BarVisualisation.o
rm -f *~ core *.core
rm -f bin/matrixviz 
rm -f .qmake.stash
rm -f Makefile
cd opende && /Applications/Xcode-beta.app/Contents/Developer/usr/bin/make distclean
make[1]: *** No rule to make target `distclean'.  Stop.
make: [clean-all] Error 2 (ignored)
cd ode_robots && /Applications/Xcode-beta.app/Contents/Developer/usr/bin/make clean-all
./ode_robots-config: line 31: /Users/jerry/lpzrobots/usr/local/bin/ode-dbl-config: No such file or directory
./ode_robots-config: line 31: /Users/jerry/lpzrobots/usr/local/bin/ode-dbl-config: No such file or directory
./ode_robots-config: line 31: /Users/jerry/lpzrobots/usr/local/bin/ode-dbl-config: No such file or directory
./ode_robots-config: line 31: /Users/jerry/lpzrobots/usr/local/bin/ode-dbl-config: No such file or directory
./ode_robots-config: line 31: /Users/jerry/lpzrobots/usr/local/bin/ode-dbl-config: No such file or directory
./ode_robots-config: line 31: /Users/jerry/lpzrobots/usr/local/bin/ode-dbl-config: No such file or directory
./ode_robots-config: line 31: /Users/jerry/lpzrobots/usr/local/bin/ode-dbl-config: No such file or directory
./ode_robots-config: line 31: /Users/jerry/lpzrobots/usr/local/bin/ode-dbl-config: No such file or directory
./ode_robots-config: line 31: /Users/jerry/lpzrobots/usr/local/bin/ode-dbl-config: No such file or directory
./ode_robots-config: line 31: /Users/jerry/lpzrobots/usr/local/bin/ode-dbl-config: No such file or directory
./ode_robots-config: line 31: /Users/jerry/lpzrobots/usr/local/bin/ode-dbl-config: No such file or directory
for file in ./odeconfig.h ./simulation.h agents/odeagent.h utils/axis.h utils/camerahandle.h utils/color.h utils/colorschema.h utils/console.h utils/exceptions.h utils/globaldata.h utils/grabframe.h utils/gripper.h utils/imageppm.h utils/mathutils.h utils/odehandle.h utils/operator.h utils/operators.h utils/osghandle.h utils/pos.h utils/pose.h utils/quickprof.h utils/sensormotorinfoable.h utils/simulationtask.h utils/simulationtaskhandle.h utils/simulationtasksupervisor.h utils/sound.h utils/taskedsimulation.h utils/taskedsimulationcreator.h utils/tmpobject.h utils/tmpprimitive.h osg/base.h osg/boundingshape.h osg/cameramanipulator.h osg/cameramanipulatorFollow.h osg/cameramanipulatorRace.h osg/cameramanipulatorTV.h osg/heightfieldprimitive.h osg/hudstatistics.h osg/joint.h osg/lpzhelphandler.h osg/lpzviewer.h osg/osgforwarddecl.h osg/osgheightfield.h osg/osgprimitive.h osg/primitive.h osg/retinalviewer.h osg/retinawindowsizehandler.h osg/robotcameramanager.h osg/substance.h robots/amos4legs.h robots/amosII.h robots/amosiisensormotordefinition.h robots/arm.h robots/arm2segm.h robots/ashigaru.h robots/ashigarusensormotordefinition.h robots/barrel2masses.h robots/caterpillar.h robots/defaultCaterpillar.h robots/discus.h robots/forcedsphere.h robots/formel1.h robots/fourwheeled.h robots/hand.h robots/hexabot.h robots/hexabotsensormotordefinition.h robots/hexapod.h robots/hurlingsnake.h robots/kuka.h robots/muscledarm.h robots/nejihebi.h robots/nimm2.h robots/nimm4.h robots/oderobot.h robots/plattfussschlange.h robots/replayrobot.h robots/robotchain.h robots/schlange.h robots/schlangeforce.h robots/schlangeservo.h robots/schlangeservo2.h robots/schlangevelocity.h robots/shortcircuit.h robots/skeleton.h robots/sliderwheelie.h robots/sphererobot.h robots/sphererobot3masses.h robots/truckmesh.h robots/twowheeled.h robots/uwo.h robots/vierbeiner.h obstacles/abstractground.h obstacles/abstractobstacle.h obstacles/boxpile.h obstacles/closedplayground.h obstacles/complexplayground.h obstacles/DummyGround.h obstacles/DummyObstacle.h obstacles/meshground.h obstacles/meshobstacle.h obstacles/octaplayground.h obstacles/passivebox.h obstacles/passivecapsule.h obstacles/passivemesh.h obstacles/passivesphere.h obstacles/playground.h obstacles/raceground.h obstacles/randomobstacles.h obstacles/seesaw.h obstacles/terrainground.h sensors/axisorientationsensor.h sensors/camera.h sensors/camerasensor.h sensors/camerasensors.h sensors/contactsensor.h sensors/delaysensor.h sensors/derivativesensor.h sensors/imageprocessor.h sensors/imageprocessors.h sensors/irsensor.h sensors/opticalflow.h sensors/physicalsensor.h sensors/rangeFinder.h sensors/raysensor.h sensors/raysensorbank.h sensors/relativepositionsensor.h sensors/sensor.h sensors/soundsensor.h sensors/speedsensor.h sensors/torquesensor.h motors/angularmotor.h motors/constantmotor.h motors/dummymotor.h motors/motor.h motors/oneaxisservo.h motors/pid.h motors/speaker.h motors/spring.h motors/twoaxisservo.h; do \
		ln -sf ../../$file include/ode_robots/; \
	done
makedepend -- -Wall -pipe -fpic  -I. -Iinclude -Iinclude/ode_robots -I/Users/jerry/lpzrobot_mac/selforg -I/Users/jerry/lpzrobot_mac/selforg/include -std=c++17 -pthread -I/Users/jerry/lpzrobots/include -I/opt/homebrew/Cellar/gsl/2.8/include -DNOCONFIGURATOR -pthread -std=c++17 -Wno-write-strings -DGL_SILENCE_DEPRECATION -I/usr/X11R6/include -I/opt/local/include -I/opt/homebrew/include -march=armv8-a+simd -mtune=native -I./include -I/opt/local/include -I/opt/homebrew/include -g -O -Wall -Wextra -Wpedantic -Wconversion -Wsign-conversion -Wcast-align -Wformat=2 -Wuninitialized -Wunused-function -Wunused-label -Wunused-variable -Wunused-value -Wunused-parameter -Wfloat-equal -Wundef -Wshadow -Wpointer-arith -Wcast-qual -Wwrite-strings -Wmissing-declarations -Wredundant-decls -Woverloaded-virtual -Wsign-promo -Wformat-security -Wnon-virtual-dtor -Wold-style-cast -Wzero-as-null-pointer-constant -Wno-unused-parameter -Wno-sign-conversion -- ./odeconfig.cpp ./simulation.cpp agents/odeagent.cpp utils/camerahandle.cpp utils/colorschema.cpp utils/console.cpp utils/globaldata.cpp utils/grabframe.cpp utils/gripper.cpp utils/imageppm.cpp utils/mathutils.cpp utils/odehandle.cpp utils/operators.cpp utils/osghandle.cpp utils/simulationtasksupervisor.cpp utils/sound.cpp utils/tmpprimitive.cpp osg/base.cpp osg/boundingshape.cpp osg/cameramanipulator.cpp osg/cameramanipulatorFollow.cpp osg/cameramanipulatorRace.cpp osg/cameramanipulatorTV.cpp osg/heightfieldprimitive.cpp osg/hudstatistics.cpp osg/joint.cpp osg/lpzhelphandler.cpp osg/lpzviewer.cpp osg/osgheightfield.cpp osg/osgprimitive.cpp osg/primitive.cpp osg/robotcameramanager.cpp osg/substance.cpp robots/amos4legs.cpp robots/amosII.cpp robots/arm.cpp robots/arm2segm.cpp robots/ashigaru.cpp robots/barrel2masses.cpp robots/caterpillar.cpp robots/defaultCaterPillar.cpp robots/discus.cpp robots/forcedsphere.cpp robots/formel1.cpp robots/fourwheeled.cpp robots/hand.cpp robots/hexabot.cpp robots/hexapod.cpp robots/hurlingsnake.cpp robots/kuka.cpp robots/muscledarm.cpp robots/nejihebi.cpp robots/nimm2.cpp robots/nimm4.cpp robots/oderobot.cpp robots/plattfussschlange.cpp robots/replayrobot.cpp robots/robotchain.cpp robots/schlange.cpp robots/schlangeforce.cpp robots/schlangeservo.cpp robots/schlangeservo2.cpp robots/schlangevelocity.cpp robots/shortcircuit.cpp robots/skeleton.cpp robots/sliderwheelie.cpp robots/sphererobot.cpp robots/sphererobot3masses.cpp robots/truckmesh.cpp robots/twowheeled.cpp robots/uwo.cpp robots/vierbeiner.cpp obstacles/abstractground.cpp obstacles/abstractobstacle.cpp obstacles/complexplayground.cpp obstacles/DummyGround.cpp obstacles/DummyObstacle.cpp obstacles/meshground.cpp obstacles/randomobstacles.cpp obstacles/terrainground.cpp sensors/axisorientationsensor.cpp sensors/camera.cpp sensors/camerasensor.cpp sensors/contactsensor.cpp sensors/derivativesensor.cpp sensors/irsensor.cpp sensors/opticalflow.cpp sensors/rangeFinder.cpp sensors/raysensor.cpp sensors/raysensorbank.cpp sensors/relativepositionsensor.cpp sensors/soundsensor.cpp sensors/speedsensor.cpp sensors/torquesensor.cpp motors/angularmotor.cpp motors/oneaxisservo.cpp motors/pid.cpp motors/twoaxisservo.cpp -p'$(BUILD_DIR)/' -f- > Makefile.depend 2>/dev/null
./ode_robots-config: line 31: /Users/jerry/lpzrobots/usr/local/bin/ode-dbl-config: No such file or directory
./ode_robots-config: line 31: /Users/jerry/lpzrobots/usr/local/bin/ode-dbl-config: No such file or directory
./ode_robots-config: line 31: /Users/jerry/lpzrobots/usr/local/bin/ode-dbl-config: No such file or directory
./ode_robots-config: line 31: /Users/jerry/lpzrobots/usr/local/bin/ode-dbl-config: No such file or directory
./ode_robots-config: line 31: /Users/jerry/lpzrobots/usr/local/bin/ode-dbl-config: No such file or directory
./ode_robots-config: line 31: /Users/jerry/lpzrobots/usr/local/bin/ode-dbl-config: No such file or directory
./ode_robots-config: line 31: /Users/jerry/lpzrobots/usr/local/bin/ode-dbl-config: No such file or directory
./ode_robots-config: line 31: /Users/jerry/lpzrobots/usr/local/bin/ode-dbl-config: No such file or directory
./ode_robots-config: line 31: /Users/jerry/lpzrobots/usr/local/bin/ode-dbl-config: No such file or directory
./ode_robots-config: line 31: /Users/jerry/lpzrobots/usr/local/bin/ode-dbl-config: No such file or directory
./ode_robots-config: line 31: /Users/jerry/lpzrobots/usr/local/bin/ode-dbl-config: No such file or directory
./ode_robots-config: line 31: /Users/jerry/lpzrobots/usr/local/bin/ode-dbl-config: No such file or directory
./ode_robots-config: line 31: /Users/jerry/lpzrobots/usr/local/bin/ode-dbl-config: No such file or directory
./ode_robots-config: line 31: /Users/jerry/lpzrobots/usr/local/bin/ode-dbl-config: No such file or directory
rm -f Makefile.depend
rm -rf build build_dbg build_opt
rm -f ./libode_robots.so
rm -f ./libode_robots.a
rm -f ./libode_robots_opt.a
rm -f ./libode_robots_dbg.a
find include/ode_robots -type l -exec rm \{\} \;
cd ode_robots/simulations && /Applications/Xcode-beta.app/Contents/Developer/usr/bin/make clean
for dir in zoo teaching humanoid_DEP short_circuit sphericalrobot template_onerobot template_schlange template_sphererobot template_cycledSimulation template_hand template_taskedSimulations hurling_snake nimm2_arena robodrom wheelie uwo nimm2_eating nimm2_hebb vierbeiner tests/materials tests/collisions swing rhoenrad soxworld muscled_arm hexapod; do \
		/Applications/Xcode-beta.app/Contents/Developer/usr/bin/make -C $dir clean; \
	done
makedepend -- -Wall -pipe -Wno-deprecated -I. -I. -std=c++11 -pthread -I/opt/local/include -I/opt/homebrew/include -I/Users/jerry/lpzrobots_mac/selforg/include -I/opt/local/include -I/opt/homebrew/include -I/opt/homebrew/Cellar/gsl/2.8/include -DNOCONFIGURATOR -pthread -std=c++11 -Wno-write-strings -I/usr/X11R6/include -I/opt/homebrew/Cellar/ode/0.16.6/include -DdDOUBLE -I/Users/jerry/lpzrobots_mac/ode_robots/include -I/opt/local/include -I/opt/homebrew/include -DGL_SILENCE_DEPRECATION -I/usr/local/include -I/opt/local/include -I/opt/homebrew/include -I/Users/jerry/lpzrobots_mac/selforg/include -g -O -- main.cpp -f- > Makefile.depend 2>/dev/null
rm -f start start_dbg start_opt *.o Makefile.depend
makedepend -- -Wall -pipe -Wno-deprecated -I. -I. -std=c++11 -pthread -I/opt/local/include -I/opt/homebrew/include -I/Users/jerry/lpzrobots_mac/selforg/include -I/opt/local/include -I/opt/homebrew/include -I/opt/homebrew/Cellar/gsl/2.8/include -DNOCONFIGURATOR -pthread -std=c++11 -Wno-write-strings -I/usr/X11R6/include -I/opt/homebrew/Cellar/ode/0.16.6/include -DdDOUBLE -I/Users/jerry/lpzrobots_mac/ode_robots/include -I/opt/local/include -I/opt/homebrew/include -DGL_SILENCE_DEPRECATION -I/usr/local/include -I/opt/local/include -I/opt/homebrew/include -I/Users/jerry/lpzrobots_mac/selforg/include -g -O -- main.cpp -f- > Makefile.depend 2>/dev/null
rm -f start start_dbg start_opt *.o Makefile.depend
makedepend -- -Wall -pipe -Wno-deprecated -I. -I. -std=c++11 -pthread -I/opt/local/include -I/opt/homebrew/include -I/Users/jerry/lpzrobots_mac/selforg/include -I/opt/local/include -I/opt/homebrew/include -I/opt/homebrew/Cellar/gsl/2.8/include -DNOCONFIGURATOR -pthread -std=c++11 -Wno-write-strings -I/usr/X11R6/include -I/opt/homebrew/Cellar/ode/0.16.6/include -DdDOUBLE -I/Users/jerry/lpzrobots_mac/ode_robots/include -I/opt/local/include -I/opt/homebrew/include -DGL_SILENCE_DEPRECATION -I/usr/local/include -I/opt/local/include -I/opt/homebrew/include -I/Users/jerry/lpzrobots_mac/selforg/include -g -O -- main.cpp skeleton.cpp randomdyn.cpp -f- > Makefile.depend 2>/dev/null
rm -f start start_dbg start_opt *.o Makefile.depend
makedepend -- -Wall -pipe -Wno-deprecated -I. -I. -std=c++11 -pthread -I/opt/local/include -I/opt/homebrew/include -I/Users/jerry/lpzrobots_mac/selforg/include -I/opt/local/include -I/opt/homebrew/include -I/opt/homebrew/Cellar/gsl/2.8/include -DNOCONFIGURATOR -pthread -std=c++11 -Wno-write-strings -I/usr/X11R6/include -I/opt/homebrew/Cellar/ode/0.16.6/include -DdDOUBLE -I/Users/jerry/lpzrobots_mac/ode_robots/include -I/opt/local/include -I/opt/homebrew/include -DGL_SILENCE_DEPRECATION -I/usr/local/include -I/opt/local/include -I/opt/homebrew/include -I/Users/jerry/lpzrobots_mac/selforg/include -g -O -- main.cpp invertnchannelcontroller_nobias.cpp -f- > Makefile.depend 2>/dev/null
rm -f start start_dbg start_opt *.o Makefile.depend
makedepend -- -Wall -pipe -Wno-deprecated -I. -I. -std=c++11 -pthread -I/opt/local/include -I/opt/homebrew/include -I/Users/jerry/lpzrobots_mac/selforg/include -I/opt/local/include -I/opt/homebrew/include -I/opt/homebrew/Cellar/gsl/2.8/include -DNOCONFIGURATOR -pthread -std=c++11 -Wno-write-strings -I/usr/X11R6/include -I/opt/homebrew/Cellar/ode/0.16.6/include -DdDOUBLE -I/Users/jerry/lpzrobots_mac/ode_robots/include -I/opt/local/include -I/opt/homebrew/include -DGL_SILENCE_DEPRECATION -I/usr/local/include -I/opt/local/include -I/opt/homebrew/include -I/Users/jerry/lpzrobots_mac/selforg/include -g -O -- main.cpp invertnchannelcontroller_nobias.cpp -f- > Makefile.depend 2>/dev/null
rm -f start start_dbg start_opt *.o Makefile.depend
makedepend -- -Wall -pipe -Wno-deprecated -I. -I. -std=c++11 -pthread -I/opt/local/include -I/opt/homebrew/include -I/Users/jerry/lpzrobots_mac/selforg/include -I/opt/local/include -I/opt/homebrew/include -I/opt/homebrew/Cellar/gsl/2.8/include -DNOCONFIGURATOR -pthread -std=c++11 -Wno-write-strings -I/usr/X11R6/include -I/opt/homebrew/Cellar/ode/0.16.6/include -DdDOUBLE -I/Users/jerry/lpzrobots_mac/ode_robots/include -I/opt/local/include -I/opt/homebrew/include -DGL_SILENCE_DEPRECATION -I/usr/local/include -I/opt/local/include -I/opt/homebrew/include -I/Users/jerry/lpzrobots_mac/selforg/include -g -O -- main.cpp -f- > Makefile.depend 2>/dev/null
rm -f start start_dbg start_opt *.o Makefile.depend
makedepend -- -Wall -pipe -Wno-deprecated -I. -I. -std=c++11 -pthread -I/opt/local/include -I/opt/homebrew/include -I/Users/jerry/lpzrobots_mac/selforg/include -I/opt/local/include -I/opt/homebrew/include -I/opt/homebrew/Cellar/gsl/2.8/include -DNOCONFIGURATOR -pthread -std=c++11 -Wno-write-strings -I/usr/X11R6/include -I/opt/homebrew/Cellar/ode/0.16.6/include -DdDOUBLE -I/Users/jerry/lpzrobots_mac/ode_robots/include -I/opt/local/include -I/opt/homebrew/include -DGL_SILENCE_DEPRECATION -I/usr/local/include -I/opt/local/include -I/opt/homebrew/include -I/Users/jerry/lpzrobots_mac/selforg/include -g -O -- main.cpp -f- > Makefile.depend 2>/dev/null
rm -f start start_dbg start_opt *.o Makefile.depend
makedepend -- -Wall -pipe -Wno-deprecated -I. -I. -std=c++11 -pthread -I/opt/local/include -I/opt/homebrew/include -I/Users/jerry/lpzrobots_mac/selforg/include -I/opt/local/include -I/opt/homebrew/include -I/opt/homebrew/Cellar/gsl/2.8/include -DNOCONFIGURATOR -pthread -std=c++11 -Wno-write-strings -I/usr/X11R6/include -I/opt/homebrew/Cellar/ode/0.16.6/include -DdDOUBLE -I/Users/jerry/lpzrobots_mac/ode_robots/include -I/opt/local/include -I/opt/homebrew/include -DGL_SILENCE_DEPRECATION -I/usr/local/include -I/opt/local/include -I/opt/homebrew/include -I/Users/jerry/lpzrobots_mac/selforg/include -g -O -- main.cpp -f- > Makefile.depend 2>/dev/null
rm -f start start_dbg start_opt *.o Makefile.depend
makedepend -- -Wall -pipe -Wno-deprecated -I. -I. -std=c++11 -pthread -I/opt/local/include -I/opt/homebrew/include -I/Users/jerry/lpzrobots_mac/selforg/include -I/opt/local/include -I/opt/homebrew/include -I/opt/homebrew/Cellar/gsl/2.8/include -DNOCONFIGURATOR -pthread -std=c++11 -Wno-write-strings -I/usr/X11R6/include -I/opt/homebrew/Cellar/ode/0.16.6/include -DdDOUBLE -I/Users/jerry/lpzrobots_mac/ode_robots/include -I/opt/local/include -I/opt/homebrew/include -DGL_SILENCE_DEPRECATION -I/usr/local/include -I/opt/local/include -I/opt/homebrew/include -I/Users/jerry/lpzrobots_mac/selforg/include -g -O -- main.cpp -f- > Makefile.depend 2>/dev/null
rm -f start start_dbg start_opt *.o Makefile.depend
makedepend -- -Wall -pipe -Wno-deprecated -I. -I. -std=c++11 -pthread -I/opt/local/include -I/opt/homebrew/include -I/Users/jerry/lpzrobots_mac/selforg/include -I/opt/local/include -I/opt/homebrew/include -I/opt/homebrew/Cellar/gsl/2.8/include -DNOCONFIGURATOR -pthread -std=c++11 -Wno-write-strings -I/usr/X11R6/include -I/opt/homebrew/Cellar/ode/0.16.6/include -DdDOUBLE -I/Users/jerry/lpzrobots_mac/ode_robots/include -I/opt/local/include -I/opt/homebrew/include -DGL_SILENCE_DEPRECATION -I/usr/local/include -I/opt/local/include -I/opt/homebrew/include -I/Users/jerry/lpzrobots_mac/selforg/include -g -O -- main.cpp -f- > Makefile.depend 2>/dev/null
rm -f start start_dbg start_opt *.o Makefile.depend
makedepend -- -Wall -pipe -Wno-deprecated -I. -I. -std=c++11 -pthread -I/opt/local/include -I/opt/homebrew/include -I/Users/jerry/lpzrobots_mac/selforg/include -I/opt/local/include -I/opt/homebrew/include -I/opt/homebrew/Cellar/gsl/2.8/include -DNOCONFIGURATOR -pthread -std=c++11 -Wno-write-strings -I/usr/X11R6/include -I/opt/homebrew/Cellar/ode/0.16.6/include -DdDOUBLE -I/Users/jerry/lpzrobots_mac/ode_robots/include -I/opt/local/include -I/opt/homebrew/include -DGL_SILENCE_DEPRECATION -I/usr/local/include -I/opt/local/include -I/opt/homebrew/include -I/Users/jerry/lpzrobots_mac/selforg/include -g -O -- main.cpp -f- > Makefile.depend 2>/dev/null
rm -f start start_dbg start_opt *.o Makefile.depend
makedepend -- -Wall -pipe -Wno-deprecated -I. -I. -std=c++11 -pthread -I/opt/local/include -I/opt/homebrew/include -I/Users/jerry/lpzrobots_mac/selforg/include -I/opt/local/include -I/opt/homebrew/include -I/opt/homebrew/Cellar/gsl/2.8/include -DNOCONFIGURATOR -pthread -std=c++11 -Wno-write-strings -I/usr/X11R6/include -I/opt/homebrew/Cellar/ode/0.16.6/include -DdDOUBLE -I/Users/jerry/lpzrobots_mac/ode_robots/include -I/opt/local/include -I/opt/homebrew/include -DGL_SILENCE_DEPRECATION -I/usr/local/include -I/opt/local/include -I/opt/homebrew/include -I/Users/jerry/lpzrobots_mac/selforg/include -g -O -- main.cpp -f- > Makefile.depend 2>/dev/null
rm -f start start_dbg start_opt *.o Makefile.depend
makedepend -- -Wall -pipe -Wno-deprecated -I. -I. -std=c++11 -pthread -I/opt/local/include -I/opt/homebrew/include -I/Users/jerry/lpzrobots_mac/selforg/include -I/opt/local/include -I/opt/homebrew/include -I/opt/homebrew/Cellar/gsl/2.8/include -DNOCONFIGURATOR -pthread -std=c++11 -Wno-write-strings -I/usr/X11R6/include -I/opt/homebrew/Cellar/ode/0.16.6/include -DdDOUBLE -I/Users/jerry/lpzrobots_mac/ode_robots/include -I/opt/local/include -I/opt/homebrew/include -DGL_SILENCE_DEPRECATION -I/usr/local/include -I/opt/local/include -I/opt/homebrew/include -I/Users/jerry/lpzrobots_mac/selforg/include -g -O -- main.cpp -f- > Makefile.depend 2>/dev/null
rm -f start start_dbg start_opt *.o Makefile.depend
makedepend -- -Wall -pipe -Wno-deprecated -I. -I. -std=c++11 -pthread -I/opt/local/include -I/opt/homebrew/include -I/Users/jerry/lpzrobots_mac/selforg/include -I/opt/local/include -I/opt/homebrew/include -I/opt/homebrew/Cellar/gsl/2.8/include -DNOCONFIGURATOR -pthread -std=c++11 -Wno-write-strings -I/usr/X11R6/include -I/opt/homebrew/Cellar/ode/0.16.6/include -DdDOUBLE -I/Users/jerry/lpzrobots_mac/ode_robots/include -I/opt/local/include -I/opt/homebrew/include -DGL_SILENCE_DEPRECATION -I/usr/local/include -I/opt/local/include -I/opt/homebrew/include -I/Users/jerry/lpzrobots_mac/selforg/include -g -O -- main.cpp -f- > Makefile.depend 2>/dev/null
rm -f start start_dbg start_opt *.o Makefile.depend
makedepend -- -Wall -pipe -Wno-deprecated -I. -I. -std=c++11 -pthread -I/opt/local/include -I/opt/homebrew/include -I/Users/jerry/lpzrobots_mac/selforg/include -I/opt/local/include -I/opt/homebrew/include -I/opt/homebrew/Cellar/gsl/2.8/include -DNOCONFIGURATOR -pthread -std=c++11 -Wno-write-strings -I/usr/X11R6/include -I/opt/homebrew/Cellar/ode/0.16.6/include -DdDOUBLE -I/Users/jerry/lpzrobots_mac/ode_robots/include -I/opt/local/include -I/opt/homebrew/include -DGL_SILENCE_DEPRECATION -I/usr/local/include -I/opt/local/include -I/opt/homebrew/include -I/Users/jerry/lpzrobots_mac/selforg/include -g -O -- main.cpp -f- > Makefile.depend 2>/dev/null
rm -f start start_dbg start_opt *.o Makefile.depend
makedepend -- -Wall -pipe -Wno-deprecated -I. -I. -std=c++11 -pthread -I/opt/local/include -I/opt/homebrew/include -I/Users/jerry/lpzrobots_mac/selforg/include -I/opt/local/include -I/opt/homebrew/include -I/opt/homebrew/Cellar/gsl/2.8/include -DNOCONFIGURATOR -pthread -std=c++11 -Wno-write-strings -I/usr/X11R6/include -I/opt/homebrew/Cellar/ode/0.16.6/include -DdDOUBLE -I/Users/jerry/lpzrobots_mac/ode_robots/include -I/opt/local/include -I/opt/homebrew/include -DGL_SILENCE_DEPRECATION -I/usr/local/include -I/opt/local/include -I/opt/homebrew/include -I/Users/jerry/lpzrobots_mac/selforg/include -g -O -- main.cpp -f- > Makefile.depend 2>/dev/null
rm -f start start_dbg start_opt *.o Makefile.depend
makedepend -- -Wall -pipe -Wno-deprecated -I. -I. -std=c++11 -pthread -I/opt/local/include -I/opt/homebrew/include -I/Users/jerry/lpzrobots_mac/selforg/include -I/opt/local/include -I/opt/homebrew/include -I/opt/homebrew/Cellar/gsl/2.8/include -DNOCONFIGURATOR -pthread -std=c++11 -Wno-write-strings -I/usr/X11R6/include -I/opt/homebrew/Cellar/ode/0.16.6/include -DdDOUBLE -I/Users/jerry/lpzrobots_mac/ode_robots/include -I/opt/local/include -I/opt/homebrew/include -DGL_SILENCE_DEPRECATION -I/usr/local/include -I/opt/local/include -I/opt/homebrew/include -I/Users/jerry/lpzrobots_mac/selforg/include -g -O -- main.cpp -f- > Makefile.depend 2>/dev/null
rm -f start start_dbg start_opt *.o Makefile.depend
makedepend -- -Wall -pipe -Wno-deprecated -I. -I. -std=c++11 -pthread -I/opt/local/include -I/opt/homebrew/include -I/Users/jerry/lpzrobots_mac/selforg/include -I/opt/local/include -I/opt/homebrew/include -I/opt/homebrew/Cellar/gsl/2.8/include -DNOCONFIGURATOR -pthread -std=c++11 -Wno-write-strings -I/usr/X11R6/include -I/opt/homebrew/Cellar/ode/0.16.6/include -DdDOUBLE -I/Users/jerry/lpzrobots_mac/ode_robots/include -I/opt/local/include -I/opt/homebrew/include -DGL_SILENCE_DEPRECATION -I/usr/local/include -I/opt/local/include -I/opt/homebrew/include -I/Users/jerry/lpzrobots_mac/selforg/include -g -O -- main.cpp invertnchannelcontrollerhebbh.cpp invertnchannelcontrollerhebbxsi.cpp -f- > Makefile.depend 2>/dev/null
rm -f start start_dbg start_opt *.o Makefile.depend
makedepend -- -Wall -pipe -Wno-deprecated -I. -I. -std=c++11 -pthread -I/opt/local/include -I/opt/homebrew/include -I/Users/jerry/lpzrobots_mac/selforg/include -I/opt/local/include -I/opt/homebrew/include -I/opt/homebrew/Cellar/gsl/2.8/include -DNOCONFIGURATOR -pthread -std=c++11 -Wno-write-strings -I/usr/X11R6/include -I/opt/homebrew/Cellar/ode/0.16.6/include -DdDOUBLE -I/Users/jerry/lpzrobots_mac/ode_robots/include -I/opt/local/include -I/opt/homebrew/include -DGL_SILENCE_DEPRECATION -I/usr/local/include -I/opt/local/include -I/opt/homebrew/include -I/Users/jerry/lpzrobots_mac/selforg/include -g -O -- main.cpp walkcontroller.cpp -f- > Makefile.depend 2>/dev/null
rm -f start start_dbg start_opt *.o Makefile.depend
makedepend -- -Wall -pipe -Wno-deprecated -I. -I. -std=c++11 -pthread -I/opt/local/include -I/opt/homebrew/include -I/Users/jerry/lpzrobots_mac/selforg/include -I/opt/local/include -I/opt/homebrew/include -I/opt/homebrew/Cellar/gsl/2.8/include -DNOCONFIGURATOR -pthread -std=c++11 -Wno-write-strings -I/usr/X11R6/include -I/opt/homebrew/Cellar/ode/0.16.6/include -DdDOUBLE -I/Users/jerry/lpzrobots_mac/ode_robots/include -I/opt/local/include -I/opt/homebrew/include -DGL_SILENCE_DEPRECATION -I/usr/local/include -I/opt/local/include -I/opt/homebrew/include -I/Users/jerry/lpzrobots_mac/selforg/include -g -O -- main.cpp -f- > Makefile.depend 2>/dev/null
rm -f start start_dbg start_opt *.o Makefile.depend
makedepend -- -Wall -pipe -Wno-deprecated -I. -I. -std=c++11 -pthread -I/opt/local/include -I/opt/homebrew/include -I/Users/jerry/lpzrobots_mac/selforg/include -I/opt/local/include -I/opt/homebrew/include -I/opt/homebrew/Cellar/gsl/2.8/include -DNOCONFIGURATOR -pthread -std=c++11 -Wno-write-strings -I/usr/X11R6/include -I/opt/homebrew/Cellar/ode/0.16.6/include -DdDOUBLE -I/Users/jerry/lpzrobots_mac/ode_robots/include -I/opt/local/include -I/opt/homebrew/include -DGL_SILENCE_DEPRECATION -I/usr/local/include -I/opt/local/include -I/opt/homebrew/include -I/Users/jerry/lpzrobots_mac/selforg/include -g -O -- main.cpp -f- > Makefile.depend 2>/dev/null
rm -f start start_dbg start_opt *.o Makefile.depend
makedepend -- -Wall -pipe -Wno-deprecated -I. -I. -std=c++11 -pthread -I/opt/local/include -I/opt/homebrew/include -I/Users/jerry/lpzrobots_mac/selforg/include -I/opt/local/include -I/opt/homebrew/include -I/opt/homebrew/Cellar/gsl/2.8/include -DNOCONFIGURATOR -pthread -std=c++11 -Wno-write-strings -I/usr/X11R6/include -I/opt/homebrew/Cellar/ode/0.16.6/include -DdDOUBLE -I/Users/jerry/lpzrobots_mac/ode_robots/include -I/opt/local/include -I/opt/homebrew/include -DGL_SILENCE_DEPRECATION -I/usr/local/include -I/opt/local/include -I/opt/homebrew/include -I/Users/jerry/lpzrobots_mac/selforg/include -g -O -- main.cpp swing.cpp -f- > Makefile.depend 2>/dev/null
rm -f start start_dbg start_opt *.o Makefile.depend
makedepend -- -Wall -pipe -Wno-deprecated -I. -I. -std=c++11 -pthread -I/opt/local/include -I/opt/homebrew/include -I/Users/jerry/lpzrobots_mac/selforg/include -I/opt/local/include -I/opt/homebrew/include -I/opt/homebrew/Cellar/gsl/2.8/include -DNOCONFIGURATOR -pthread -std=c++11 -Wno-write-strings -I/usr/X11R6/include -I/opt/homebrew/Cellar/ode/0.16.6/include -DdDOUBLE -I/Users/jerry/lpzrobots_mac/ode_robots/include -I/opt/local/include -I/opt/homebrew/include -DGL_SILENCE_DEPRECATION -I/usr/local/include -I/opt/local/include -I/opt/homebrew/include -I/Users/jerry/lpzrobots_mac/selforg/include -g -O -- main.cpp sox.cpp rhoenrad.cpp -f- > Makefile.depend 2>/dev/null
rm -f start start_dbg start_opt *.o Makefile.depend
makedepend -- -Wall -pipe -Wno-deprecated -I. -I. -std=c++11 -pthread -I/opt/local/include -I/opt/homebrew/include -I/Users/jerry/lpzrobots_mac/selforg/include -I/opt/local/include -I/opt/homebrew/include -I/opt/homebrew/Cellar/gsl/2.8/include -DNOCONFIGURATOR -pthread -std=c++11 -Wno-write-strings -I/usr/X11R6/include -I/opt/homebrew/Cellar/ode/0.16.6/include -DdDOUBLE -I/Users/jerry/lpzrobots_mac/ode_robots/include -I/opt/local/include -I/opt/homebrew/include -DGL_SILENCE_DEPRECATION -I/usr/local/include -I/opt/local/include -I/opt/homebrew/include -I/Users/jerry/lpzrobots_mac/selforg/include -g -O -- main.cpp soml.cpp skeleton.cpp hexapod.cpp -f- > Makefile.depend 2>/dev/null
rm -f start start_dbg start_opt *.o Makefile.depend
makedepend -- -Wall -pipe -Wno-deprecated -I. -I. -std=c++11 -pthread -I/opt/local/include -I/opt/homebrew/include -I/Users/jerry/lpzrobots_mac/selforg/include -I/opt/local/include -I/opt/homebrew/include -I/opt/homebrew/Cellar/gsl/2.8/include -DNOCONFIGURATOR -pthread -std=c++11 -Wno-write-strings -I/usr/X11R6/include -I/opt/homebrew/Cellar/ode/0.16.6/include -DdDOUBLE -I/Users/jerry/lpzrobots_mac/ode_robots/include -I/opt/local/include -I/opt/homebrew/include -DGL_SILENCE_DEPRECATION -I/usr/local/include -I/opt/local/include -I/opt/homebrew/include -I/Users/jerry/lpzrobots_mac/selforg/include -g -O -- main.cpp -f- > Makefile.depend 2>/dev/null
rm -f start start_dbg start_opt *.o Makefile.depend
makedepend -- -Wall -pipe -Wno-deprecated -I. -I. -std=c++11 -pthread -I/opt/local/include -I/opt/homebrew/include -I/Users/jerry/lpzrobots_mac/selforg/include -I/opt/local/include -I/opt/homebrew/include -I/opt/homebrew/Cellar/gsl/2.8/include -DNOCONFIGURATOR -pthread -std=c++11 -Wno-write-strings -I/usr/X11R6/include -I/opt/homebrew/Cellar/ode/0.16.6/include -DdDOUBLE -I/Users/jerry/lpzrobots_mac/ode_robots/include -I/opt/local/include -I/opt/homebrew/include -DGL_SILENCE_DEPRECATION -I/usr/local/include -I/opt/local/include -I/opt/homebrew/include -I/Users/jerry/lpzrobots_mac/selforg/include -g -O -- main.cpp sox.cpp -f- > Makefile.depend 2>/dev/null
rm -f start start_dbg start_opt *.o Makefile.depend
cd selforg && /Applications/Xcode-beta.app/Contents/Developer/usr/bin/make clean-all
rm -f Makefile.depend
rm -rf build build_dbg build_opt
rm -f ./libselforg.so
rm -f ./libselforg.a
rm -f ./libselforg_opt.a
rm -f ./libselforg_dbg.a
find include/selforg -type l -exec rm \{\} \;
cd selforg/simulations && /Applications/Xcode-beta.app/Contents/Developer/usr/bin/make clean
for dir in dblcontingency simplesystems; do \
		/Applications/Xcode-beta.app/Contents/Developer/usr/bin/make -C $dir clean; \
	done
Makefile:72: Makefile.depend: No such file or directory
makedepend -- -Wall -pipe -Wno-deprecated -I. -std=c++11 -pthread -I/opt/local/include -I/opt/homebrew/include -I/Users/jerry/lpzrobots_mac/selforg/include -I/opt/local/include -I/opt/homebrew/include -I/opt/homebrew/Cellar/gsl/2.8/include -DNOCONFIGURATOR -g -O  -- main.cpp cmdline.cpp console.cpp -f- > Makefile.depend 2>/dev/null
rm -f dblcon dblcon_opt dblcon_dbg *.o Makefile.depend
Makefile:72: Makefile.depend: No such file or directory
makedepend -- -Wall -pipe -Wno-deprecated -I. -std=c++11 -pthread -I/opt/local/include -I/opt/homebrew/include -I/Users/jerry/lpzrobots_mac/selforg/include -I/opt/local/include -I/opt/homebrew/include -I/opt/homebrew/Cellar/gsl/2.8/include -DNOCONFIGURATOR -g -O  -- main.cpp cmdline.cpp console.cpp -f- > Makefile.depend 2>/dev/null
rm -f start start_opt start_dbg *.o Makefile.depend
cd selforg/examples && /Applications/Xcode-beta.app/Contents/Developer/usr/bin/make clean
Makefile:67: Makefile.depend: No such file or directory
makedepend -Wall -I. -g -I../include controllertest.cpp feedforwardtest.cpp rl_test.cpp  -f- > Makefile.depend 2>/dev/null
rm -f controllertest feedforwardtest rl_test *.o Makefile.depend
cd ga_tools && /Applications/Xcode-beta.app/Contents/Developer/usr/bin/make clean-all
for file in ./Gen.h ./GenContext.h ./Generation.h ./GenPrototype.h ./Individual.h ./restore.h ./SingletonGenAlgAPI.h ./SingletonGenEngine.h ./SingletonGenFactory.h ./SingletonIndividualFactory.h FitnessStrategies/EuclidicDistanceFitnessStrategy.h FitnessStrategies/ExtreamTestFitnessStrategy.h FitnessStrategies/IFitnessStrategy.h FitnessStrategies/InvertedFitnessStrategy.h FitnessStrategies/SumFitnessStrategy.h FitnessStrategies/TestFitnessStrategy.h GenerationSizeStrategies/FixGenerationSizeStrategy.h GenerationSizeStrategies/IGenerationSizeStrategy.h GenerationSizeStrategies/StandartGenerationSizeStrategy.h MutationFactorStrategies/FixMutationFactorStrategy.h MutationFactorStrategies/IMutationFactorStrategy.h MutationFactorStrategies/StandartMutationFactorStrategy.h MutationStrategies/IMutationStrategy.h MutationStrategies/ValueMutationStrategy.h RandomStrategies/DoubleRandomStrategy.h RandomStrategies/IRandomStrategy.h SelectionStrategies/EliteSelectStrategy.h SelectionStrategies/ISelectStrategy.h SelectionStrategies/RandomSelectStrategy.h SelectionStrategies/TournamentSelectStrategy.h Values/IValue.h Values/TemplateValue.h; do \
		ln -sf ../../$file include/ga_tools/; \
	done
makedepend -- -Wall -pipe -fpic -I../selforg/include -I../selforg -I. -Iinclude -Iinclude/ga_tools -std=c++11 -pthread -I/opt/local/include -I/opt/homebrew/include -I/Users/jerry/lpzrobots_mac/selforg/include -I/opt/local/include -I/opt/homebrew/include -I/opt/homebrew/Cellar/gsl/2.8/include -DNOCONFIGURATOR -std=c++17 -pthread -I/opt/local/include -I/opt/homebrew/include -I./include -I/opt/local/include -g -O -Wall -Wextra -Wpedantic -Wconversion -Wsign-conversion -Wcast-align -Wformat=2 -Wuninitialized -Wunused-function -Wunused-label -Wunused-variable -Wunused-value -Wunused-parameter -Wfloat-equal -Wundef -Wshadow -Wpointer-arith -Wcast-qual -Wwrite-strings -Wmissing-declarations -Wredundant-decls -Woverloaded-virtual -Wsign-promo -Wformat-security -Wnon-virtual-dtor -Wold-style-cast -Wzero-as-null-pointer-constant -Wno-unused-parameter -Wno-sign-conversion   -- ./Gen.cpp ./GenContext.cpp ./Generation.cpp ./GenPrototype.cpp ./Individual.cpp ./SingletonGenAlgAPI.cpp ./SingletonGenEngine.cpp ./SingletonGenFactory.cpp ./SingletonIndividualFactory.cpp FitnessStrategies/EuclidicDistanceFitnessStrategy.cpp FitnessStrategies/ExtreamTestFitnessStrategy.cpp FitnessStrategies/IFitnessStrategy.cpp FitnessStrategies/InvertedFitnessStrategy.cpp FitnessStrategies/SumFitnessStrategy.cpp FitnessStrategies/TestFitnessStrategy.cpp GenerationSizeStrategies/FixGenerationSizeStrategy.cpp GenerationSizeStrategies/IGenerationSizeStrategy.cpp GenerationSizeStrategies/StandartGenerationSizeStrategy.cpp MutationFactorStrategies/FixMutationFactorStrategy.cpp MutationFactorStrategies/IMutationFactorStrategy.cpp MutationFactorStrategies/StandartMutationFactorStrategy.cpp MutationStrategies/IMutationStrategy.cpp MutationStrategies/ValueMutationStrategy.cpp RandomStrategies/DoubleRandomStrategy.cpp RandomStrategies/IRandomStrategy.cpp SelectionStrategies/EliteSelectStrategy.cpp SelectionStrategies/ISelectStrategy.cpp SelectionStrategies/RandomSelectStrategy.cpp SelectionStrategies/TournamentSelectStrategy.cpp Values/IValue.cpp Values/TemplateValue.cpp -p'$(BUILD_DIR)/' -f- > Makefile.depend 2>/dev/null
rm -f Makefile.depend
rm -rf build build_dbg build_opt
rm -f ./libga_tools.so	
rm -f ./libga_tools.a
rm -f ./libga_tools_opt.a
rm -f ./libga_tools_dbg.a
find include/ga_tools -type l -exec rm \{\} \;
cd ga_tools/simulations && /Applications/Xcode-beta.app/Contents/Developer/usr/bin/make clean
for dir in template_cycled_GA_Simulation template_tasked_GA_Simulation; do \
		/Applications/Xcode-beta.app/Contents/Developer/usr/bin/make -C $dir clean; \
	done
make[2]: ga_tools-config: Command not found
make[2]: ga_tools-config: Command not found
make[2]: ga_tools-config: Command not found
makedepend -- -Wall -pipe -Wno-deprecated -I. -I. -std=c++11 -pthread -I/opt/local/include -I/opt/homebrew/include -I/Users/jerry/lpzrobots_mac/selforg/include -I/opt/local/include -I/opt/homebrew/include -I/opt/homebrew/Cellar/gsl/2.8/include -DNOCONFIGURATOR -pthread -std=c++11 -Wno-write-strings -I/usr/X11R6/include -I/opt/homebrew/Cellar/ode/0.16.6/include -DdDOUBLE -I/Users/jerry/lpzrobots_mac/ode_robots/include -I/opt/local/include -I/opt/homebrew/include -DGL_SILENCE_DEPRECATION -I/usr/local/include -I/opt/local/include -I/opt/homebrew/include -I/Users/jerry/lpzrobots_mac/selforg/include  -- main.cpp TemplateCycledGaSimulationFitnessStrategy.cpp -f- > Makefile.depend 2>/dev/null
make[2]: ga_tools-config: Command not found
make[2]: ga_tools-config: Command not found
rm -f start start_dbg start_opt *.o Makefile.depend
make[2]: ga_tools-config: Command not found
make[2]: ga_tools-config: Command not found
make[2]: ga_tools-config: Command not found
makedepend -- -Wall -pipe -Wno-deprecated -I. -I. -std=c++11 -pthread -I/opt/local/include -I/opt/homebrew/include -I/Users/jerry/lpzrobots_mac/selforg/include -I/opt/local/include -I/opt/homebrew/include -I/opt/homebrew/Cellar/gsl/2.8/include -DNOCONFIGURATOR -pthread -std=c++11 -Wno-write-strings -I/usr/X11R6/include -I/opt/homebrew/Cellar/ode/0.16.6/include -DdDOUBLE -I/Users/jerry/lpzrobots_mac/ode_robots/include -I/opt/local/include -I/opt/homebrew/include -DGL_SILENCE_DEPRECATION -I/usr/local/include -I/opt/local/include -I/opt/homebrew/include -I/Users/jerry/lpzrobots_mac/selforg/include  -- main.cpp TemplateTaskedGaSimulationFitnessStrategy.cpp -f- > Makefile.depend 2>/dev/null
make[2]: ga_tools-config: Command not found
make[2]: ga_tools-config: Command not found
rm -f start start_dbg start_opt *.o Makefile.depend
rm -f Makefile.conf
