Makefile:199: Makefile.depend: No such file or directory
for file in ./abstractrobot.h ./agent.h ./trackable.h ./wiredcontroller.h controller/abstractcontroller.h controller/abstractcontrolleradapter.h controller/abstractiafcontroller.h controller/abstractmodel.h controller/abstractmulticontroller.h controller/braitenberg.h controller/classicreinforce.h controller/controllernet.h controller/crossmotorcoupling.h controller/dep.h controller/derbigcontroller.h controller/dercontroller.h controller/derinf.h controller/derlininvert.h controller/derlinunivers.h controller/derpseudosensor.h controller/dinvert3channelcontroller.h controller/discretecontrolleradapter.h controller/discretesizable.h controller/elman.h controller/esn.h controller/feedforwardnn.h controller/ffnncontroller.h controller/homeokinbase.h controller/invert3channelcontroller.h controller/invertablemodel.h controller/invertcontroller.h controller/invertmotorbigmodel.h controller/invertmotorcontroller.h controller/invertmotornstep.h controller/invertmotorspace.h controller/invertnchannelcontroller.h controller/layer.h controller/measureadapter.h controller/modelwithmemoryadapter.h controller/motorbabbler.h controller/multilayerffnn.h controller/multireinforce.h controller/mutualinformationcontroller.h controller/neuralgas.h controller/oneactivemultipassivecontroller.h controller/onecontrollerperchannel.h controller/onelayerffnn.h controller/pimax.h controller/qlearning.h controller/regularisation.h controller/reinforceable.h controller/remotecontrolled.h controller/replaycontroller.h controller/semox.h controller/sinecontroller.h controller/som.h controller/soml.h controller/sos.h controller/sox.h controller/soxexpand.h controller/splitcontrol.h controller/switchcontroller.h controller/teachable.h controller/universalcontroller.h controller/use_java_controller.h wirings/abstractwiring.h wirings/copywiring.h wirings/derivativewiring.h wirings/feedbackwiring.h wirings/forceboostwiring.h wirings/motornoisewiring.h wirings/one2onewiring.h wirings/selectivenoisewiring.h wirings/selectiveone2onewiring.h wirings/wiringsequence.h utils/avrtypes.h utils/backcaller.h utils/backcallervector.h utils/callbackable.h utils/configurable.h utils/configurablelist.h utils/controller_misc.h utils/datafunc.h utils/discretisizer.h utils/globaldatabase.h utils/inspectable.h utils/inspectableproxy.h utils/lyapunov.h utils/mac_drand48r.h utils/mediator.h utils/mediatorcollegue.h utils/modern_randomgenerator.h utils/modern_storeable.h utils/noisegenerator.h utils/parametrizable.h utils/plotoption.h utils/plotoptionengine.h utils/position.h utils/quickmp.h utils/randomgenerator.h utils/ringbuffer.h utils/sensormotorinfo.h utils/stl_adds.h utils/stl_map.h utils/storeable.h utils/trackrobots.h utils/types.h matrix/matrix_neon.h matrix/matrix.h matrix/matrixutils.h matrix/sparsearray.h matrix/sparsematrix.h statistictools/analysationmodes.h statistictools/measuremodes.h statistictools/statistictools.h statistictools/measure/abstractmeasure.h statistictools/measure/complexmeasure.h statistictools/measure/imeasure.h statistictools/measure/statisticmeasure.h statistictools/measure/trackablemeasure.h statistictools/dataanalysation/templatevalueanalysation.h; do \
		ln -sf ../../$file include/selforg/; \
	done
makedepend -- -Wall -pipe -fpic -I./. -I./controller -I./wirings -I./utils -I./matrix -I./statistictools -I./statistictools/measure -I./statistictools/dataanalysation -Iinclude -Iinclude/selforg -std=c++17 -pthread -I/Users/jerry/lpzrobots/include -I/opt/homebrew/Cellar/gsl/2.8/include -DNOCONFIGURATOR -g -O -- ./agent.cpp ./wiredcontroller.cpp controller/abstractcontroller.cpp controller/abstractiafcontroller.cpp controller/abstractmulticontroller.cpp controller/classicreinforce.cpp controller/controllernet.cpp controller/crossmotorcoupling.cpp controller/dep.cpp controller/derbigcontroller.cpp controller/dercontroller.cpp controller/derinf.cpp controller/derlininvert.cpp controller/derlinunivers.cpp controller/derpseudosensor.cpp controller/discretecontrolleradapter.cpp controller/elman.cpp controller/esn.cpp controller/ffnncontroller.cpp controller/invertmotorbigmodel.cpp controller/invertmotornstep.cpp controller/invertmotorspace.cpp controller/invertnchannelcontroller.cpp controller/layer.cpp controller/measureadapter.cpp controller/modelwithmemoryadapter.cpp controller/motorbabbler.cpp controller/multilayerffnn.cpp controller/multireinforce.cpp controller/mutualinformationcontroller.cpp controller/neuralgas.cpp controller/oneactivemultipassivecontroller.cpp controller/onecontrollerperchannel.cpp controller/onelayerffnn.cpp controller/pimax.cpp controller/qlearning.cpp controller/semox.cpp controller/sinecontroller.cpp controller/som.cpp controller/soml.cpp controller/sos.cpp controller/sox.cpp controller/soxexpand.cpp controller/splitcontrol.cpp controller/switchcontroller.cpp controller/universalcontroller.cpp controller/use_java_controller.cpp wirings/abstractwiring.cpp wirings/copywiring.cpp wirings/derivativewiring.cpp wirings/feedbackwiring.cpp wirings/forceboostwiring.cpp wirings/one2onewiring.cpp wirings/selectiveone2onewiring.cpp wirings/wiringsequence.cpp utils/backcaller.cpp utils/configurable.cpp utils/configurablelist.cpp utils/controller_misc.cpp utils/discretisizer.cpp utils/globaldatabase.cpp utils/inspectable.cpp utils/inspectableproxy.cpp utils/lyapunov.cpp utils/mediator.cpp utils/mediatorcollegue.cpp utils/parametrizable.cpp utils/plotoption.cpp utils/plotoptionengine.cpp utils/randomgenerator.cpp utils/stl_adds.cpp utils/storeable.cpp utils/trackrobots.cpp matrix/matrix_neon.cpp matrix/matrix.cpp matrix/matrixutils.cpp statistictools/statistictools.cpp statistictools/measure/complexmeasure.cpp statistictools/measure/statisticmeasure.cpp statistictools/measure/trackablemeasure.cpp statistictools/dataanalysation/templatevalueanalysation.cpp -p'$(BUILD_DIR)/' -f- > Makefile.depend 2>/dev/null
g++ -c -Wall -pipe -fpic -I./. -I./controller -I./wirings -I./utils -I./matrix -I./statistictools -I./statistictools/measure -I./statistictools/dataanalysation -Iinclude -Iinclude/selforg -std=c++17 -pthread -I/Users/jerry/lpzrobots/include -I/opt/homebrew/Cellar/gsl/2.8/include -DNOCONFIGURATOR -g -O  -o "build/./agent.o" "agent.cpp"
g++ -c -Wall -pipe -fpic -I./. -I./controller -I./wirings -I./utils -I./matrix -I./statistictools -I./statistictools/measure -I./statistictools/dataanalysation -Iinclude -Iinclude/selforg -std=c++17 -pthread -I/Users/jerry/lpzrobots/include -I/opt/homebrew/Cellar/gsl/2.8/include -DNOCONFIGURATOR -g -O  -o "build/./wiredcontroller.o" "wiredcontroller.cpp"
g++ -c -Wall -pipe -fpic -I./. -I./controller -I./wirings -I./utils -I./matrix -I./statistictools -I./statistictools/measure -I./statistictools/dataanalysation -Iinclude -Iinclude/selforg -std=c++17 -pthread -I/Users/jerry/lpzrobots/include -I/opt/homebrew/Cellar/gsl/2.8/include -DNOCONFIGURATOR -g -O  -o "build/controller/abstractcontroller.o" "controller/abstractcontroller.cpp"
g++ -c -Wall -pipe -fpic -I./. -I./controller -I./wirings -I./utils -I./matrix -I./statistictools -I./statistictools/measure -I./statistictools/dataanalysation -Iinclude -Iinclude/selforg -std=c++17 -pthread -I/Users/jerry/lpzrobots/include -I/opt/homebrew/Cellar/gsl/2.8/include -DNOCONFIGURATOR -g -O  -o "build/controller/abstractiafcontroller.o" "controller/abstractiafcontroller.cpp"
g++ -c -Wall -pipe -fpic -I./. -I./controller -I./wirings -I./utils -I./matrix -I./statistictools -I./statistictools/measure -I./statistictools/dataanalysation -Iinclude -Iinclude/selforg -std=c++17 -pthread -I/Users/jerry/lpzrobots/include -I/opt/homebrew/Cellar/gsl/2.8/include -DNOCONFIGURATOR -g -O  -o "build/controller/abstractmulticontroller.o" "controller/abstractmulticontroller.cpp"
g++ -c -Wall -pipe -fpic -I./. -I./controller -I./wirings -I./utils -I./matrix -I./statistictools -I./statistictools/measure -I./statistictools/dataanalysation -Iinclude -Iinclude/selforg -std=c++17 -pthread -I/Users/jerry/lpzrobots/include -I/opt/homebrew/Cellar/gsl/2.8/include -DNOCONFIGURATOR -g -O  -o "build/controller/classicreinforce.o" "controller/classicreinforce.cpp"
g++ -c -Wall -pipe -fpic -I./. -I./controller -I./wirings -I./utils -I./matrix -I./statistictools -I./statistictools/measure -I./statistictools/dataanalysation -Iinclude -Iinclude/selforg -std=c++17 -pthread -I/Users/jerry/lpzrobots/include -I/opt/homebrew/Cellar/gsl/2.8/include -DNOCONFIGURATOR -g -O  -o "build/controller/controllernet.o" "controller/controllernet.cpp"
g++ -c -Wall -pipe -fpic -I./. -I./controller -I./wirings -I./utils -I./matrix -I./statistictools -I./statistictools/measure -I./statistictools/dataanalysation -Iinclude -Iinclude/selforg -std=c++17 -pthread -I/Users/jerry/lpzrobots/include -I/opt/homebrew/Cellar/gsl/2.8/include -DNOCONFIGURATOR -g -O  -o "build/controller/crossmotorcoupling.o" "controller/crossmotorcoupling.cpp"
g++ -c -Wall -pipe -fpic -I./. -I./controller -I./wirings -I./utils -I./matrix -I./statistictools -I./statistictools/measure -I./statistictools/dataanalysation -Iinclude -Iinclude/selforg -std=c++17 -pthread -I/Users/jerry/lpzrobots/include -I/opt/homebrew/Cellar/gsl/2.8/include -DNOCONFIGURATOR -g -O  -o "build/controller/dep.o" "controller/dep.cpp"
g++ -c -Wall -pipe -fpic -I./. -I./controller -I./wirings -I./utils -I./matrix -I./statistictools -I./statistictools/measure -I./statistictools/dataanalysation -Iinclude -Iinclude/selforg -std=c++17 -pthread -I/Users/jerry/lpzrobots/include -I/opt/homebrew/Cellar/gsl/2.8/include -DNOCONFIGURATOR -g -O  -o "build/controller/derbigcontroller.o" "controller/derbigcontroller.cpp"
g++ -c -Wall -pipe -fpic -I./. -I./controller -I./wirings -I./utils -I./matrix -I./statistictools -I./statistictools/measure -I./statistictools/dataanalysation -Iinclude -Iinclude/selforg -std=c++17 -pthread -I/Users/jerry/lpzrobots/include -I/opt/homebrew/Cellar/gsl/2.8/include -DNOCONFIGURATOR -g -O  -o "build/controller/dercontroller.o" "controller/dercontroller.cpp"
g++ -c -Wall -pipe -fpic -I./. -I./controller -I./wirings -I./utils -I./matrix -I./statistictools -I./statistictools/measure -I./statistictools/dataanalysation -Iinclude -Iinclude/selforg -std=c++17 -pthread -I/Users/jerry/lpzrobots/include -I/opt/homebrew/Cellar/gsl/2.8/include -DNOCONFIGURATOR -g -O  -o "build/controller/derinf.o" "controller/derinf.cpp"
g++ -c -Wall -pipe -fpic -I./. -I./controller -I./wirings -I./utils -I./matrix -I./statistictools -I./statistictools/measure -I./statistictools/dataanalysation -Iinclude -Iinclude/selforg -std=c++17 -pthread -I/Users/jerry/lpzrobots/include -I/opt/homebrew/Cellar/gsl/2.8/include -DNOCONFIGURATOR -g -O  -o "build/controller/derlininvert.o" "controller/derlininvert.cpp"
g++ -c -Wall -pipe -fpic -I./. -I./controller -I./wirings -I./utils -I./matrix -I./statistictools -I./statistictools/measure -I./statistictools/dataanalysation -Iinclude -Iinclude/selforg -std=c++17 -pthread -I/Users/jerry/lpzrobots/include -I/opt/homebrew/Cellar/gsl/2.8/include -DNOCONFIGURATOR -g -O  -o "build/controller/derlinunivers.o" "controller/derlinunivers.cpp"
g++ -c -Wall -pipe -fpic -I./. -I./controller -I./wirings -I./utils -I./matrix -I./statistictools -I./statistictools/measure -I./statistictools/dataanalysation -Iinclude -Iinclude/selforg -std=c++17 -pthread -I/Users/jerry/lpzrobots/include -I/opt/homebrew/Cellar/gsl/2.8/include -DNOCONFIGURATOR -g -O  -o "build/controller/derpseudosensor.o" "controller/derpseudosensor.cpp"
g++ -c -Wall -pipe -fpic -I./. -I./controller -I./wirings -I./utils -I./matrix -I./statistictools -I./statistictools/measure -I./statistictools/dataanalysation -Iinclude -Iinclude/selforg -std=c++17 -pthread -I/Users/jerry/lpzrobots/include -I/opt/homebrew/Cellar/gsl/2.8/include -DNOCONFIGURATOR -g -O  -o "build/controller/discretecontrolleradapter.o" "controller/discretecontrolleradapter.cpp"
g++ -c -Wall -pipe -fpic -I./. -I./controller -I./wirings -I./utils -I./matrix -I./statistictools -I./statistictools/measure -I./statistictools/dataanalysation -Iinclude -Iinclude/selforg -std=c++17 -pthread -I/Users/jerry/lpzrobots/include -I/opt/homebrew/Cellar/gsl/2.8/include -DNOCONFIGURATOR -g -O  -o "build/controller/elman.o" "controller/elman.cpp"
g++ -c -Wall -pipe -fpic -I./. -I./controller -I./wirings -I./utils -I./matrix -I./statistictools -I./statistictools/measure -I./statistictools/dataanalysation -Iinclude -Iinclude/selforg -std=c++17 -pthread -I/Users/jerry/lpzrobots/include -I/opt/homebrew/Cellar/gsl/2.8/include -DNOCONFIGURATOR -g -O  -o "build/controller/esn.o" "controller/esn.cpp"
g++ -c -Wall -pipe -fpic -I./. -I./controller -I./wirings -I./utils -I./matrix -I./statistictools -I./statistictools/measure -I./statistictools/dataanalysation -Iinclude -Iinclude/selforg -std=c++17 -pthread -I/Users/jerry/lpzrobots/include -I/opt/homebrew/Cellar/gsl/2.8/include -DNOCONFIGURATOR -g -O  -o "build/controller/ffnncontroller.o" "controller/ffnncontroller.cpp"
g++ -c -Wall -pipe -fpic -I./. -I./controller -I./wirings -I./utils -I./matrix -I./statistictools -I./statistictools/measure -I./statistictools/dataanalysation -Iinclude -Iinclude/selforg -std=c++17 -pthread -I/Users/jerry/lpzrobots/include -I/opt/homebrew/Cellar/gsl/2.8/include -DNOCONFIGURATOR -g -O  -o "build/controller/invertmotorbigmodel.o" "controller/invertmotorbigmodel.cpp"
g++ -c -Wall -pipe -fpic -I./. -I./controller -I./wirings -I./utils -I./matrix -I./statistictools -I./statistictools/measure -I./statistictools/dataanalysation -Iinclude -Iinclude/selforg -std=c++17 -pthread -I/Users/jerry/lpzrobots/include -I/opt/homebrew/Cellar/gsl/2.8/include -DNOCONFIGURATOR -g -O  -o "build/controller/invertmotornstep.o" "controller/invertmotornstep.cpp"
g++ -c -Wall -pipe -fpic -I./. -I./controller -I./wirings -I./utils -I./matrix -I./statistictools -I./statistictools/measure -I./statistictools/dataanalysation -Iinclude -Iinclude/selforg -std=c++17 -pthread -I/Users/jerry/lpzrobots/include -I/opt/homebrew/Cellar/gsl/2.8/include -DNOCONFIGURATOR -g -O  -o "build/controller/invertmotorspace.o" "controller/invertmotorspace.cpp"
g++ -c -Wall -pipe -fpic -I./. -I./controller -I./wirings -I./utils -I./matrix -I./statistictools -I./statistictools/measure -I./statistictools/dataanalysation -Iinclude -Iinclude/selforg -std=c++17 -pthread -I/Users/jerry/lpzrobots/include -I/opt/homebrew/Cellar/gsl/2.8/include -DNOCONFIGURATOR -g -O  -o "build/controller/invertnchannelcontroller.o" "controller/invertnchannelcontroller.cpp"
g++ -c -Wall -pipe -fpic -I./. -I./controller -I./wirings -I./utils -I./matrix -I./statistictools -I./statistictools/measure -I./statistictools/dataanalysation -Iinclude -Iinclude/selforg -std=c++17 -pthread -I/Users/jerry/lpzrobots/include -I/opt/homebrew/Cellar/gsl/2.8/include -DNOCONFIGURATOR -g -O  -o "build/controller/layer.o" "controller/layer.cpp"
g++ -c -Wall -pipe -fpic -I./. -I./controller -I./wirings -I./utils -I./matrix -I./statistictools -I./statistictools/measure -I./statistictools/dataanalysation -Iinclude -Iinclude/selforg -std=c++17 -pthread -I/Users/jerry/lpzrobots/include -I/opt/homebrew/Cellar/gsl/2.8/include -DNOCONFIGURATOR -g -O  -o "build/controller/measureadapter.o" "controller/measureadapter.cpp"
g++ -c -Wall -pipe -fpic -I./. -I./controller -I./wirings -I./utils -I./matrix -I./statistictools -I./statistictools/measure -I./statistictools/dataanalysation -Iinclude -Iinclude/selforg -std=c++17 -pthread -I/Users/jerry/lpzrobots/include -I/opt/homebrew/Cellar/gsl/2.8/include -DNOCONFIGURATOR -g -O  -o "build/controller/modelwithmemoryadapter.o" "controller/modelwithmemoryadapter.cpp"
g++ -c -Wall -pipe -fpic -I./. -I./controller -I./wirings -I./utils -I./matrix -I./statistictools -I./statistictools/measure -I./statistictools/dataanalysation -Iinclude -Iinclude/selforg -std=c++17 -pthread -I/Users/jerry/lpzrobots/include -I/opt/homebrew/Cellar/gsl/2.8/include -DNOCONFIGURATOR -g -O  -o "build/controller/motorbabbler.o" "controller/motorbabbler.cpp"
g++ -c -Wall -pipe -fpic -I./. -I./controller -I./wirings -I./utils -I./matrix -I./statistictools -I./statistictools/measure -I./statistictools/dataanalysation -Iinclude -Iinclude/selforg -std=c++17 -pthread -I/Users/jerry/lpzrobots/include -I/opt/homebrew/Cellar/gsl/2.8/include -DNOCONFIGURATOR -g -O  -o "build/controller/multilayerffnn.o" "controller/multilayerffnn.cpp"
g++ -c -Wall -pipe -fpic -I./. -I./controller -I./wirings -I./utils -I./matrix -I./statistictools -I./statistictools/measure -I./statistictools/dataanalysation -Iinclude -Iinclude/selforg -std=c++17 -pthread -I/Users/jerry/lpzrobots/include -I/opt/homebrew/Cellar/gsl/2.8/include -DNOCONFIGURATOR -g -O  -o "build/controller/multireinforce.o" "controller/multireinforce.cpp"
g++ -c -Wall -pipe -fpic -I./. -I./controller -I./wirings -I./utils -I./matrix -I./statistictools -I./statistictools/measure -I./statistictools/dataanalysation -Iinclude -Iinclude/selforg -std=c++17 -pthread -I/Users/jerry/lpzrobots/include -I/opt/homebrew/Cellar/gsl/2.8/include -DNOCONFIGURATOR -g -O  -o "build/controller/mutualinformationcontroller.o" "controller/mutualinformationcontroller.cpp"
g++ -c -Wall -pipe -fpic -I./. -I./controller -I./wirings -I./utils -I./matrix -I./statistictools -I./statistictools/measure -I./statistictools/dataanalysation -Iinclude -Iinclude/selforg -std=c++17 -pthread -I/Users/jerry/lpzrobots/include -I/opt/homebrew/Cellar/gsl/2.8/include -DNOCONFIGURATOR -g -O  -o "build/controller/neuralgas.o" "controller/neuralgas.cpp"
controller/elman.cpp:210:29: error: expected ')'
  210 |   assert(static_cast<int>(u)pdate.weights.size() == layernum &&
      |                             ^
controller/elman.cpp:210:3: note: to match this '('
  210 |   assert(static_cast<int>(u)pdate.weights.size() == layernum &&
      |   ^
/Applications/Xcode-beta.app/Contents/Developer/Platforms/MacOSX.platform/Developer/SDKs/MacOSX.sdk/usr/include/assert.h:75:24: note: expanded from macro 'assert'
   75 |     (__builtin_expect(!(e), 0) ? __assert_rtn(__func__, __ASSERT_FILE_NAME, __LINE__, #e) : (void)0)
      |                        ^
controller/elman.cpp:210:27: error: use of undeclared identifier 'u'
  210 |   assert(static_cast<int>(u)pdate.weights.size() == layernum &&
      |                           ^
controller/ffnncontroller.cpp:136:29: error: expected ')'
  136 |   assert(static_cast<int>(n)umber_steps_for_averaging_ <= buffersize);
      |                             ^
controller/ffnncontroller.cpp:136:3: note: to match this '('
  136 |   assert(static_cast<int>(n)umber_steps_for_averaging_ <= buffersize);
      |   ^
/Applications/Xcode-beta.app/Contents/Developer/Platforms/MacOSX.platform/Developer/SDKs/MacOSX.sdk/usr/include/assert.h:75:24: note: expanded from macro 'assert'
   75 |     (__builtin_expect(!(e), 0) ? __assert_rtn(__func__, __ASSERT_FILE_NAME, __LINE__, #e) : (void)0)
      |                        ^
controller/ffnncontroller.cpp:136:27: error: use of undeclared identifier 'n'
  136 |   assert(static_cast<int>(n)umber_steps_for_averaging_ <= buffersize);
      |                           ^
2 errors generated.
2 errors generated.
controller/invertmotorbigmodel.cpp:340:44: error: use of undeclared identifier 'k'
  340 |     kwtaInhibition(C, max(static_cast<int>(k)wta, 1), inhibition * managementInterval * epsC);
      |                                            ^
controller/invertmotorbigmodel.cpp:342:39: error: use of undeclared identifier 'l'
  342 |     limitC(C, max(1, static_cast<int>(l)imitRF));
      |                                       ^
controller/invertmotorbigmodel.cpp:372:46: error: use of undeclared identifier 'r'
  372 |       if (std::abs(i - j) > static_cast<int>(r)fSize - 1)
      |                                              ^
controller/invertmotorbigmodel.cpp:372:48: error: expected ')'
  372 |       if (std::abs(i - j) > static_cast<int>(r)fSize - 1)
      |                                                ^
controller/invertmotorbigmodel.cpp:372:10: note: to match this '('
  372 |       if (std::abs(i - j) > static_cast<int>(r)fSize - 1)
      |          ^
controller/invertmotornstep.cpp:587:44: error: use of undeclared identifier 'k'
  587 |     kwtaInhibition(C, max(static_cast<int>(k)wta, 1), inhibition * managementInterval * epsC);
      |                                            ^
controller/invertmotornstep.cpp:589:39: error: use of undeclared identifier 'l'
  589 |     limitC(C, max(1, static_cast<int>(l)imitRF));
      |                                       ^
controller/invertmotornstep.cpp:619:46: error: use of undeclared identifier 'r'
  619 |       if (std::abs(i - j) > static_cast<int>(r)fSize - 1)
      |                                              ^
controller/invertmotornstep.cpp:619:48: error: expected ')'
  619 |       if (std::abs(i - j) > static_cast<int>(r)fSize - 1)
      |                                                ^
controller/invertmotornstep.cpp:619:10: note: to match this '('
  619 |       if (std::abs(i - j) > static_cast<int>(r)fSize - 1)
      |          ^
4 errors generated.
4 errors generated.
g++ -c -Wall -pipe -fpic -I./. -I./controller -I./wirings -I./utils -I./matrix -I./statistictools -I./statistictools/measure -I./statistictools/dataanalysation -Iinclude -Iinclude/selforg -std=c++17 -pthread -I/Users/jerry/lpzrobots/include -I/opt/homebrew/Cellar/gsl/2.8/include -DNOCONFIGURATOR -g -O  -o "build/controller/oneactivemultipassivecontroller.o" "controller/oneactivemultipassivecontroller.cpp"
make: *** [build/controller/invertmotornstep.o] Error 1
make: *** Waiting for unfinished jobs....
make: *** [build/controller/invertmotorbigmodel.o] Error 1
make: *** [build/controller/ffnncontroller.o] Error 1
make: *** [build/controller/elman.o] Error 1
controller/multilayerffnn.cpp:152:35: error: use of undeclared identifier 'l'
  152 |   int layernum = static_cast<int>(l)ayers.size();
      |                                   ^
controller/multilayerffnn.cpp:152:37: error: expected ';' at end of declaration
  152 |   int layernum = static_cast<int>(l)ayers.size();
      |                                     ^
      |                                     ;
2 errors generated.
make: *** [build/controller/multilayerffnn.o] Error 1
In file included from controller/multireinforce.cpp:20:
controller/multireinforce.h:65:16: warning: 'init' overrides a member function but is not marked 'override' [-Winconsistent-missing-override]
   65 |   virtual void init(int sensornumber, int motornumber, RandGen* randGen = 0);
      |                ^
include/selforg/abstractcontroller.h:65:16: note: overridden virtual function is here
   65 |   virtual void init(int sensornumber, int motornumber, RandGen* randGen = nullptr) = 0;
      |                ^
In file included from controller/multireinforce.cpp:20:
controller/multireinforce.h:70:15: warning: 'getSensorNumber' overrides a member function but is not marked 'override' [-Winconsistent-missing-override]
   70 |   virtual int getSensorNumber() const {
      |               ^
include/selforg/abstractcontroller.h:69:29: note: overridden virtual function is here
   69 |   [[nodiscard]] virtual int getSensorNumber() const = 0;
      |                             ^
In file included from controller/multireinforce.cpp:20:
controller/multireinforce.h:74:15: warning: 'getMotorNumber' overrides a member function but is not marked 'override' [-Winconsistent-missing-override]
   74 |   virtual int getMotorNumber() const {
      |               ^
include/selforg/abstractcontroller.h:73:29: note: overridden virtual function is here
   73 |   [[nodiscard]] virtual int getMotorNumber() const = 0;
      |                             ^
In file included from controller/multireinforce.cpp:20:
controller/multireinforce.h:80:16: warning: 'step' overrides a member function but is not marked 'override' [-Winconsistent-missing-override]
   80 |   virtual void step(const sensor*, int number_sensors, motor*, int number_motors);
      |                ^
include/selforg/abstractcontroller.h:82:16: note: overridden virtual function is here
   82 |   virtual void step(const sensor* sensors, int sensornumber, motor* motors, int motornumber) = 0;
      |                ^
In file included from controller/multireinforce.cpp:20:
controller/multireinforce.h:83:16: warning: 'stepNoLearning' overrides a member function but is not marked 'override' [-Winconsistent-missing-override]
   83 |   virtual void stepNoLearning(const sensor*, int number_sensors, motor*, int number_motors);
      |                ^
include/selforg/abstractcontroller.h:86:16: note: overridden virtual function is here
   86 |   virtual void stepNoLearning(const sensor*, int number_sensors, motor*, int number_motors) = 0;
      |                ^
In file included from controller/multireinforce.cpp:20:
controller/multireinforce.h:100:16: warning: 'notifyOnChange' overrides a member function but is not marked 'override' [-Winconsistent-missing-override]
  100 |   virtual void notifyOnChange(const paramkey& key);
      |                ^
include/selforg/configurable.h:160:16: note: overridden virtual function is here
  160 |   virtual void notifyOnChange(const paramkey& key) {}
      |                ^
In file included from controller/multireinforce.cpp:20:
controller/multireinforce.h:104:16: warning: 'store' overrides a member function but is not marked 'override' [-Winconsistent-missing-override]
  104 |   virtual bool store(FILE* f) const;
      |                ^
include/selforg/storeable.h:38:16: note: overridden virtual function is here
   38 |   virtual bool store(FILE* f) const = 0;
      |                ^
In file included from controller/multireinforce.cpp:20:
controller/multireinforce.h:106:16: warning: 'restore' overrides a member function but is not marked 'override' [-Winconsistent-missing-override]
  106 |   virtual bool restore(FILE* f);
      |                ^
include/selforg/storeable.h:42:16: note: overridden virtual function is here
   42 |   virtual bool restore(FILE* f) = 0;
      |                ^
In file included from controller/multireinforce.cpp:20:
controller/multireinforce.h:109:32: warning: 'getInternalParamNames' overrides a member function but is not marked 'override' [-Winconsistent-missing-override]
  109 |   virtual std::list<iparamkey> getInternalParamNames() const;
      |                                ^
include/selforg/inspectable.h:125:25: note: overridden virtual function is here
  125 |   virtual iparamkeylist getInternalParamNames() const;
      |                         ^
In file included from controller/multireinforce.cpp:20:
controller/multireinforce.h:110:32: warning: 'getInternalParams' overrides a member function but is not marked 'override' [-Winconsistent-missing-override]
  110 |   virtual std::list<iparamval> getInternalParams() const;
      |                                ^
include/selforg/inspectable.h:129:25: note: overridden virtual function is here
  129 |   virtual iparamvallist getInternalParams() const;
      |                         ^
In file included from controller/multireinforce.cpp:20:
controller/multireinforce.h:111:29: warning: 'getStructuralLayers' overrides a member function but is not marked 'override' [-Winconsistent-missing-override]
  111 |   virtual std::list<ILayer> getStructuralLayers() const;
      |                             ^
include/selforg/inspectable.h:143:22: note: overridden virtual function is here
  143 |   virtual ilayerlist getStructuralLayers() const;
      |                      ^
In file included from controller/multireinforce.cpp:20:
controller/multireinforce.h:112:34: warning: 'getStructuralConnections' overrides a member function but is not marked 'override' [-Winconsistent-missing-override]
  112 |   virtual std::list<IConnection> getStructuralConnections() const;
      |                                  ^
include/selforg/inspectable.h:149:27: note: overridden virtual function is here
  149 |   virtual iconnectionlist getStructuralConnections() const;
      |                           ^
12 warnings generated.
